<?xml version="1.0" encoding="utf-8"?>
<TestRun id="995c8ab0-3f72-4847-9843-6ccdaca0015c" name="Dominik@DESKTOP-U5S7BPI 2026-08-22 21:33:33" runUser="DESKTOP-U5S7BPI\Dominik" xmlns="http://microsoft.com/schemas/VisualStudio/TeamTest/2010">
  <Times creation="2026-08-22T21:33:33.6687743+02:00" queuing="2026-08-22T21:33:33.6687746+02:00" start="2026-08-22T21:33:30.5467923+02:00" finish="2026-08-22T21:33:33.8066661+02:00" />
  <TestSettings name="default" id="cfa32fff-a671-4d31-a1dd-4ddaf60e1c3b">
    <Deployment runDeploymentRoot="Dominik_DESKTOP-U5S7BPI_2026-08-22_21_33_33" />
  </TestSettings>
  <Results>
    <UnitTestResult executionId="f953d11a-dc97-46c3-aa0a-92d51a015c3f" testId="8f478910-8cd9-a9c5-057e-ac9eccb5f34d" testName="Server.Tests.Features.RealtyAgent.BecomeAgent.BecomeAgentTests.BecomeAgent_CreatesAnAgentWithoutAnAgency" computerName="DESKTOP-U5S7BPI" duration="00:00:00.0745690" startTime="2026-08-22T21:33:33.6518610+02:00" endTime="2026-08-22T21:33:33.7206120+02:00" testType="13cdc9d9-ddb5-4fa4-a97d-d965ccfc6d4b" outcome="Failed" testListId="8c84fa94-04c1-424b-9868-57a2d4851a1d" relativeResultsDirectory="f953d11a-dc97-46c3-aa0a-92d51a015c3f">
      <Output>
        <ErrorInfo>
          <Message>System.InvalidOperationException : No endpoints specified. Ensure a valid connection string was provided in 'ConnectionStrings:cache' or for the 'Aspire:StackExchange:Redis:ConnectionString' configuration key.</Message>
          <StackTrace>   at Microsoft.Extensions.Hosting.AspireRedisExtensions.GetConfigurationOptions(IServiceProvider serviceProvider, String connectionName, String configurationSectionName, String optionsName) in /_/src/Components/Aspire.StackExchange.Redis/AspireRedisExtensions.cs:line 206&#xD;
   at Microsoft.Extensions.Hosting.AspireRedisExtensions.CreateConnection(IServiceProvider serviceProvider, String connectionName, String configurationSectionName, String optionsName) in /_/src/Components/Aspire.StackExchange.Redis/AspireRedisExtensions.cs:line 189&#xD;
   at Microsoft.Extensions.Hosting.AspireRedisExtensions.&lt;&gt;c__DisplayClass5_0.&lt;AddRedisClient&gt;b__2(IServiceProvider sp) in /_/src/Components/Aspire.StackExchange.Redis/AspireRedisExtensions.cs:line 135&#xD;
   at Microsoft.Extensions.DependencyInjection.ServiceLookup.CallSiteRuntimeResolver.VisitRootCache(ServiceCallSite callSite, RuntimeResolverContext context)&#xD;
   at Microsoft.Extensions.DependencyInjection.ServiceLookup.CallSiteVisitor`2.VisitCallSite(ServiceCallSite callSite, TArgument argument)&#xD;
   at Microsoft.Extensions.DependencyInjection.ServiceLookup.CallSiteRuntimeResolver.Resolve(ServiceCallSite callSite, ServiceProviderEngineScope scope)&#xD;
   at Microsoft.Extensions.DependencyInjection.ServiceProvider.CreateServiceAccessor(ServiceIdentifier serviceIdentifier)&#xD;
   at System.Collections.Concurrent.ConcurrentDictionary`2.GetOrAdd(TKey key, Func`2 valueFactory)&#xD;
   at Microsoft.Extensions.DependencyInjection.ServiceProvider.GetService(ServiceIdentifier serviceIdentifier, ServiceProviderEngineScope serviceProviderEngineScope)&#xD;
   at Microsoft.Extensions.DependencyInjection.ServiceLookup.ServiceProviderEngineScope.GetService(Type serviceType)&#xD;
   at Microsoft.Extensions.DependencyInjection.ServiceProviderServiceExtensions.GetRequiredService(IServiceProvider provider, Type serviceType)&#xD;
   at Microsoft.Extensions.DependencyInjection.ServiceProviderServiceExtensions.GetRequiredService[T](IServiceProvider provider)&#xD;
   at Microsoft.Extensions.Hosting.AspireRedisDistributedCacheExtensions.&lt;&gt;c__DisplayClass0_0.&lt;AddRedisDistributedCache&gt;b__1() in /_/src/Components/Aspire.StackExchange.Redis.DistributedCaching/AspireRedisDistributedCacheExtensions.cs:line 44&#xD;
   at Microsoft.Extensions.Caching.StackExchangeRedis.RedisCache.ConnectSlowAsync(CancellationToken token)&#xD;
   at Microsoft.Extensions.Caching.StackExchangeRedis.RedisCache.SetImplAsync(String key, ReadOnlySequence`1 value, DistributedCacheEntryOptions options, CancellationToken token)&#xD;
   at Microsoft.Extensions.Caching.Hybrid.Internal.DefaultHybridCache.&lt;InvalidateL2TagAsync&gt;g__AwaitedAsync|51_0(ValueTask pending, Byte[] oversized)&#xD;
   at Server.Features.RealtyAgent.RealtyAgentService.InvalidateAsync(Guid userId, CancellationToken cancellationToken) in C:\Users\dsmol\RiderProjects\realty-portal\Server\Features\RealtyAgent\RealtyAgentService.cs:line 118&#xD;
   at Server.Features.RealtyAgent.RealtyAgentService.CreateAgentAsync(RealtyAgentEntity agent, CancellationToken cancellationToken) in C:\Users\dsmol\RiderProjects\realty-portal\Server\Features\RealtyAgent\RealtyAgentService.cs:line 104&#xD;
   at Server.Features.RealtyAgent.BecomeAgent.BecomeAgent.BecomeAgentAsync(ClaimsPrincipal principal, UserService userService, RealtyAgentService realtyAgentService, CancellationToken cancellationToken) in C:\Users\dsmol\RiderProjects\realty-portal\Server\Features\RealtyAgent\BecomeAgent\BecomeAgent.cs:line 40&#xD;
   at Microsoft.AspNetCore.Http.RequestDelegateFactory.&lt;TaskOfTToValueTaskOfObject&gt;g__ExecuteAwaited|92_0[T](Task`1 task)&#xD;
   at Server.Infrastructure.Filters.ValidationFilter.InvokeAsync(EndpointFilterInvocationContext context, EndpointFilterDelegate next) in C:\Users\dsmol\RiderProjects\realty-portal\Server\Infrastructure\Filters\ValidationFilter.cs:line 21&#xD;
   at Microsoft.AspNetCore.Http.RequestDelegateFactory.&lt;ExecuteValueTaskOfObject&gt;g__ExecuteAwaited|130_0(ValueTask`1 valueTask, HttpContext httpContext, JsonTypeInfo`1 jsonTypeInfo)&#xD;
   at Microsoft.AspNetCore.Authorization.AuthorizationMiddleware.Invoke(HttpContext context)&#xD;
   at Microsoft.AspNetCore.Authentication.AuthenticationMiddleware.Invoke(HttpContext context)&#xD;
   at Microsoft.AspNetCore.TestHost.HttpContextBuilder.&lt;&gt;c__DisplayClass23_0.&lt;&lt;SendAsync&gt;g__RunRequestAsync|0&gt;d.MoveNext()&#xD;
--- End of stack trace from previous location ---&#xD;
   at Microsoft.AspNetCore.TestHost.ClientHandler.SendAsync(HttpRequestMessage request, CancellationToken cancellationToken)&#xD;
   at Microsoft.AspNetCore.Mvc.Testing.Handlers.CookieContainerHandler.SendAsync(HttpRequestMessage request, CancellationToken cancellationToken)&#xD;
   at Microsoft.AspNetCore.Mvc.Testing.Handlers.RedirectHandler.SendAsync(HttpRequestMessage request, CancellationToken cancellationToken)&#xD;
   at System.Net.Http.HttpClient.&lt;SendAsync&gt;g__Core|83_0(HttpRequestMessage request, HttpCompletionOption completionOption, CancellationTokenSource cts, Boolean disposeCts, CancellationTokenSource pendingRequestsCts, CancellationToken originalCancellationToken)&#xD;
   at Server.Tests.Features.RealtyAgent.BecomeAgent.BecomeAgentTests.BecomeAgent_CreatesAnAgentWithoutAnAgency() in C:\Users\dsmol\RiderProjects\realty-portal\Tests\Server.Tests\Features\RealtyAgent\BecomeAgent\BecomeAgentTests.cs:line 28&#xD;
--- End of stack trace from previous location ---</StackTrace>
        </ErrorInfo>
      </Output>
    </UnitTestResult>
    <UnitTestResult executionId="ba392d5c-b83c-46d9-84ff-d594d10d9c8a" testId="f18d492a-e7a5-0544-360b-ed5f971d0a22" testName="Server.Tests.Features.User.Register.RegisterTests.Register_WithDuplicateEmail_ReturnsBadRequest" computerName="DESKTOP-U5S7BPI" duration="00:00:01.5101138" startTime="2026-08-22T21:33:31.9932856+02:00" endTime="2026-08-22T21:33:33.5065525+02:00" testType="13cdc9d9-ddb5-4fa4-a97d-d965ccfc6d4b" outcome="Passed" testListId="8c84fa94-04c1-424b-9868-57a2d4851a1d" relativeResultsDirectory="ba392d5c-b83c-46d9-84ff-d594d10d9c8a" />
    <UnitTestResult executionId="92885bd0-3628-462d-abf3-1ee8a1c2621f" testId="f0ec249e-bd80-71a8-6bb7-7c0187c290e8" testName="Server.Tests.Features.RealtyAgent.BecomeAgent.BecomeAgentTests.BecomeAgent_WithoutAToken_IsRefused" computerName="DESKTOP-U5S7BPI" duration="00:00:01.1953685" startTime="2026-08-22T21:33:31.9948340+02:00" endTime="2026-08-22T21:33:33.1973208+02:00" testType="13cdc9d9-ddb5-4fa4-a97d-d965ccfc6d4b" outcome="Passed" testListId="8c84fa94-04c1-424b-9868-57a2d4851a1d" relativeResultsDirectory="92885bd0-3628-462d-abf3-1ee8a1c2621f" />
    <UnitTestResult executionId="f6d8d645-c0cc-45d6-9b75-2ef149f94185" testId="cf3c9d08-be94-7661-98ce-b7617868d008" testName="Server.Tests.Features.User.Logout.LogoutTests.Logout_LeavesTheOtherSessionsOfTheSameUserAlone" computerName="DESKTOP-U5S7BPI" duration="00:00:01.6420348" startTime="2026-08-22T21:33:31.9948474+02:00" endTime="2026-08-22T21:33:33.6406566+02:00" testType="13cdc9d9-ddb5-4fa4-a97d-d965ccfc6d4b" outcome="Passed" testListId="8c84fa94-04c1-424b-9868-57a2d4851a1d" relativeResultsDirectory="f6d8d645-c0cc-45d6-9b75-2ef149f94185" />
    <UnitTestResult executionId="ab0afe86-5436-4426-a968-a6845cfd66fa" testId="67ecbe4e-70df-ae8e-3ef2-eb4ef70fce65" testName="Server.Tests.Features.User.Login.LoginTests.Login_WithValidCredentials_ReturnsTokens" computerName="DESKTOP-U5S7BPI" duration="00:00:00.2847023" startTime="2026-08-22T21:33:33.2758378+02:00" endTime="2026-08-22T21:33:33.5596053+02:00" testType="13cdc9d9-ddb5-4fa4-a97d-d965ccfc6d4b" outcome="Passed" testListId="8c84fa94-04c1-424b-9868-57a2d4851a1d" relativeResultsDirectory="ab0afe86-5436-4426-a968-a6845cfd66fa" />
    <UnitTestResult executionId="a50179bd-12aa-4b4b-9685-39373bc06bd5" testId="449ae827-c444-6015-2d24-feab52324e33" testName="Server.Tests.Features.User.Logout.LogoutTests.Logout_WithdrawsTheRefreshToken" computerName="DESKTOP-U5S7BPI" duration="00:00:00.0780888" startTime="2026-08-22T21:33:33.6489922+02:00" endTime="2026-08-22T21:33:33.7222453+02:00" testType="13cdc9d9-ddb5-4fa4-a97d-d965ccfc6d4b" outcome="Passed" testListId="8c84fa94-04c1-424b-9868-57a2d4851a1d" relativeResultsDirectory="a50179bd-12aa-4b4b-9685-39373bc06bd5" />
    <UnitTestResult executionId="7e3d6384-886b-4405-ad2a-0611aae050e3" testId="80f4d606-df6b-c4d3-2236-5a393f11a8cb" testName="Server.Tests.Features.User.Login.LoginTests.Login_WithUnknownUser_ReturnsUnauthorized" computerName="DESKTOP-U5S7BPI" duration="00:00:01.2780660" startTime="2026-08-22T21:33:31.9947806+02:00" endTime="2026-08-22T21:33:33.2746014+02:00" testType="13cdc9d9-ddb5-4fa4-a97d-d965ccfc6d4b" outcome="Passed" testListId="8c84fa94-04c1-424b-9868-57a2d4851a1d" relativeResultsDirectory="7e3d6384-886b-4405-ad2a-0611aae050e3" />
    <UnitTestResult executionId="030e29a7-b6d9-47b2-9c03-e08c6a77921a" testId="4a68e481-c9ee-cf87-fa53-ef94bee7ca67" testName="Server.Tests.Features.User.Logout.LogoutTests.Logout_WithoutAToken_IsRefused" computerName="DESKTOP-U5S7BPI" duration="00:00:00.0026196" startTime="2026-08-22T21:33:33.6486292+02:00" endTime="2026-08-22T21:33:33.6487514+02:00" testType="13cdc9d9-ddb5-4fa4-a97d-d965ccfc6d4b" outcome="Passed" testListId="8c84fa94-04c1-424b-9868-57a2d4851a1d" relativeResultsDirectory="030e29a7-b6d9-47b2-9c03-e08c6a77921a" />
    <UnitTestResult executionId="12b5419f-ebb1-435d-8ab6-44db95c41bc1" testId="bf1e503d-7b15-d255-398f-1d0ef2d0a4ed" testName="Server.Tests.Features.RealtyAgent.BecomeAgent.BecomeAgentTests.BecomeAgent_Twice_IsRefusedAsAConflict" computerName="DESKTOP-U5S7BPI" duration="00:00:00.0747594" startTime="2026-08-22T21:33:33.5747407+02:00" endTime="2026-08-22T21:33:33.6491732+02:00" testType="13cdc9d9-ddb5-4fa4-a97d-d965ccfc6d4b" outcome="Failed" testListId="8c84fa94-04c1-424b-9868-57a2d4851a1d" relativeResultsDirectory="12b5419f-ebb1-435d-8ab6-44db95c41bc1">
      <Output>
        <ErrorInfo>
          <Message>System.InvalidOperationException : No endpoints specified. Ensure a valid connection string was provided in 'ConnectionStrings:cache' or for the 'Aspire:StackExchange:Redis:ConnectionString' configuration key.</Message>
          <StackTrace>   at Microsoft.Extensions.Hosting.AspireRedisExtensions.GetConfigurationOptions(IServiceProvider serviceProvider, String connectionName, String configurationSectionName, String optionsName) in /_/src/Components/Aspire.StackExchange.Redis/AspireRedisExtensions.cs:line 206&#xD;
   at Microsoft.Extensions.Hosting.AspireRedisExtensions.CreateConnection(IServiceProvider serviceProvider, String connectionName, String configurationSectionName, String optionsName) in /_/src/Components/Aspire.StackExchange.Redis/AspireRedisExtensions.cs:line 189&#xD;
   at Microsoft.Extensions.Hosting.AspireRedisExtensions.&lt;&gt;c__DisplayClass5_0.&lt;AddRedisClient&gt;b__2(IServiceProvider sp) in /_/src/Components/Aspire.StackExchange.Redis/AspireRedisExtensions.cs:line 135&#xD;
   at Microsoft.Extensions.DependencyInjection.ServiceLookup.CallSiteRuntimeResolver.VisitRootCache(ServiceCallSite callSite, RuntimeResolverContext context)&#xD;
   at Microsoft.Extensions.DependencyInjection.ServiceLookup.CallSiteVisitor`2.VisitCallSite(ServiceCallSite callSite, TArgument argument)&#xD;
   at Microsoft.Extensions.DependencyInjection.ServiceLookup.CallSiteRuntimeResolver.Resolve(ServiceCallSite callSite, ServiceProviderEngineScope scope)&#xD;
   at Microsoft.Extensions.DependencyInjection.ServiceProvider.CreateServiceAccessor(ServiceIdentifier serviceIdentifier)&#xD;
   at System.Collections.Concurrent.ConcurrentDictionary`2.GetOrAdd(TKey key, Func`2 valueFactory)&#xD;
   at Microsoft.Extensions.DependencyInjection.ServiceProvider.GetService(ServiceIdentifier serviceIdentifier, ServiceProviderEngineScope serviceProviderEngineScope)&#xD;
   at Microsoft.Extensions.DependencyInjection.ServiceLookup.ServiceProviderEngineScope.GetService(Type serviceType)&#xD;
   at Microsoft.Extensions.DependencyInjection.ServiceProviderServiceExtensions.GetRequiredService(IServiceProvider provider, Type serviceType)&#xD;
   at Microsoft.Extensions.DependencyInjection.ServiceProviderServiceExtensions.GetRequiredService[T](IServiceProvider provider)&#xD;
   at Microsoft.Extensions.Hosting.AspireRedisDistributedCacheExtensions.&lt;&gt;c__DisplayClass0_0.&lt;AddRedisDistributedCache&gt;b__1() in /_/src/Components/Aspire.StackExchange.Redis.DistributedCaching/AspireRedisDistributedCacheExtensions.cs:line 44&#xD;
   at Microsoft.Extensions.Caching.StackExchangeRedis.RedisCache.ConnectSlowAsync(CancellationToken token)&#xD;
   at Microsoft.Extensions.Caching.StackExchangeRedis.RedisCache.SetImplAsync(String key, ReadOnlySequence`1 value, DistributedCacheEntryOptions options, CancellationToken token)&#xD;
   at Microsoft.Extensions.Caching.Hybrid.Internal.DefaultHybridCache.&lt;InvalidateL2TagAsync&gt;g__AwaitedAsync|51_0(ValueTask pending, Byte[] oversized)&#xD;
   at Server.Features.RealtyAgent.RealtyAgentService.InvalidateAsync(Guid userId, CancellationToken cancellationToken) in C:\Users\dsmol\RiderProjects\realty-portal\Server\Features\RealtyAgent\RealtyAgentService.cs:line 118&#xD;
   at Server.Features.RealtyAgent.RealtyAgentService.CreateAgentAsync(RealtyAgentEntity agent, CancellationToken cancellationToken) in C:\Users\dsmol\RiderProjects\realty-portal\Server\Features\RealtyAgent\RealtyAgentService.cs:line 104&#xD;
   at Server.Features.RealtyAgent.BecomeAgent.BecomeAgent.BecomeAgentAsync(ClaimsPrincipal principal, UserService userService, RealtyAgentService realtyAgentService, CancellationToken cancellationToken) in C:\Users\dsmol\RiderProjects\realty-portal\Server\Features\RealtyAgent\BecomeAgent\BecomeAgent.cs:line 40&#xD;
   at Microsoft.AspNetCore.Http.RequestDelegateFactory.&lt;TaskOfTToValueTaskOfObject&gt;g__ExecuteAwaited|92_0[T](Task`1 task)&#xD;
   at Server.Infrastructure.Filters.ValidationFilter.InvokeAsync(EndpointFilterInvocationContext context, EndpointFilterDelegate next) in C:\Users\dsmol\RiderProjects\realty-portal\Server\Infrastructure\Filters\ValidationFilter.cs:line 21&#xD;
   at Microsoft.AspNetCore.Http.RequestDelegateFactory.&lt;ExecuteValueTaskOfObject&gt;g__ExecuteAwaited|130_0(ValueTask`1 valueTask, HttpContext httpContext, JsonTypeInfo`1 jsonTypeInfo)&#xD;
   at Microsoft.AspNetCore.Authorization.AuthorizationMiddleware.Invoke(HttpContext context)&#xD;
   at Microsoft.AspNetCore.Authentication.AuthenticationMiddleware.Invoke(HttpContext context)&#xD;
   at Microsoft.AspNetCore.TestHost.HttpContextBuilder.&lt;&gt;c__DisplayClass23_0.&lt;&lt;SendAsync&gt;g__RunRequestAsync|0&gt;d.MoveNext()&#xD;
--- End of stack trace from previous location ---&#xD;
   at Microsoft.AspNetCore.TestHost.ClientHandler.SendAsync(HttpRequestMessage request, CancellationToken cancellationToken)&#xD;
   at Microsoft.AspNetCore.Mvc.Testing.Handlers.CookieContainerHandler.SendAsync(HttpRequestMessage request, CancellationToken cancellationToken)&#xD;
   at Microsoft.AspNetCore.Mvc.Testing.Handlers.RedirectHandler.SendAsync(HttpRequestMessage request, CancellationToken cancellationToken)&#xD;
   at System.Net.Http.HttpClient.&lt;SendAsync&gt;g__Core|83_0(HttpRequestMessage request, HttpCompletionOption completionOption, CancellationTokenSource cts, Boolean disposeCts, CancellationTokenSource pendingRequestsCts, CancellationToken originalCancellationToken)&#xD;
   at Server.Tests.Features.RealtyAgent.BecomeAgent.BecomeAgentTests.BecomeAgent_Twice_IsRefusedAsAConflict() in C:\Users\dsmol\RiderProjects\realty-portal\Tests\Server.Tests\Features\RealtyAgent\BecomeAgent\BecomeAgentTests.cs:line 45&#xD;
--- End of stack trace from previous location ---</StackTrace>
        </ErrorInfo>
      </Output>
    </UnitTestResult>
    <UnitTestResult executionId="2bdd0cd4-5e1a-4d97-a367-7010ad939635" testId="aae2c103-fa3f-1c0c-8a71-03566cb1df7a" testName="Server.Tests.Features.RealtyAgent.BecomeAgent.BecomeAgentTests.BecomeAgent_PutsTheAgentRoleIntoTheNextToken" computerName="DESKTOP-U5S7BPI" duration="00:00:00.3648961" startTime="2026-08-22T21:33:33.2068878+02:00" endTime="2026-08-22T21:33:33.5688540+02:00" testType="13cdc9d9-ddb5-4fa4-a97d-d965ccfc6d4b" outcome="Failed" testListId="8c84fa94-04c1-424b-9868-57a2d4851a1d" relativeResultsDirectory="2bdd0cd4-5e1a-4d97-a367-7010ad939635">
      <Output>
        <ErrorInfo>
          <Message>System.InvalidOperationException : No endpoints specified. Ensure a valid connection string was provided in 'ConnectionStrings:cache' or for the 'Aspire:StackExchange:Redis:ConnectionString' configuration key.</Message>
          <StackTrace>   at Microsoft.Extensions.Hosting.AspireRedisExtensions.GetConfigurationOptions(IServiceProvider serviceProvider, String connectionName, String configurationSectionName, String optionsName) in /_/src/Components/Aspire.StackExchange.Redis/AspireRedisExtensions.cs:line 206&#xD;
   at Microsoft.Extensions.Hosting.AspireRedisExtensions.CreateConnection(IServiceProvider serviceProvider, String connectionName, String configurationSectionName, String optionsName) in /_/src/Components/Aspire.StackExchange.Redis/AspireRedisExtensions.cs:line 189&#xD;
   at Microsoft.Extensions.Hosting.AspireRedisExtensions.&lt;&gt;c__DisplayClass5_0.&lt;AddRedisClient&gt;b__2(IServiceProvider sp) in /_/src/Components/Aspire.StackExchange.Redis/AspireRedisExtensions.cs:line 135&#xD;
   at Microsoft.Extensions.DependencyInjection.ServiceLookup.CallSiteRuntimeResolver.VisitRootCache(ServiceCallSite callSite, RuntimeResolverContext context)&#xD;
   at Microsoft.Extensions.DependencyInjection.ServiceLookup.CallSiteVisitor`2.VisitCallSite(ServiceCallSite callSite, TArgument argument)&#xD;
   at Microsoft.Extensions.DependencyInjection.ServiceLookup.CallSiteRuntimeResolver.Resolve(ServiceCallSite callSite, ServiceProviderEngineScope scope)&#xD;
   at Microsoft.Extensions.DependencyInjection.ServiceProvider.CreateServiceAccessor(ServiceIdentifier serviceIdentifier)&#xD;
   at System.Collections.Concurrent.ConcurrentDictionary`2.GetOrAdd(TKey key, Func`2 valueFactory)&#xD;
   at Microsoft.Extensions.DependencyInjection.ServiceProvider.GetService(ServiceIdentifier serviceIdentifier, ServiceProviderEngineScope serviceProviderEngineScope)&#xD;
   at Microsoft.Extensions.DependencyInjection.ServiceLookup.ServiceProviderEngineScope.GetService(Type serviceType)&#xD;
   at Microsoft.Extensions.DependencyInjection.ServiceProviderServiceExtensions.GetRequiredService(IServiceProvider provider, Type serviceType)&#xD;
   at Microsoft.Extensions.DependencyInjection.ServiceProviderServiceExtensions.GetRequiredService[T](IServiceProvider provider)&#xD;
   at Microsoft.Extensions.Hosting.AspireRedisDistributedCacheExtensions.&lt;&gt;c__DisplayClass0_0.&lt;AddRedisDistributedCache&gt;b__1() in /_/src/Components/Aspire.StackExchange.Redis.DistributedCaching/AspireRedisDistributedCacheExtensions.cs:line 44&#xD;
   at Microsoft.Extensions.Caching.StackExchangeRedis.RedisCache.ConnectSlowAsync(CancellationToken token)&#xD;
   at Microsoft.Extensions.Caching.StackExchangeRedis.RedisCache.SetImplAsync(String key, ReadOnlySequence`1 value, DistributedCacheEntryOptions options, CancellationToken token)&#xD;
   at Microsoft.Extensions.Caching.Hybrid.Internal.DefaultHybridCache.&lt;InvalidateL2TagAsync&gt;g__AwaitedAsync|51_0(ValueTask pending, Byte[] oversized)&#xD;
   at Server.Features.RealtyAgent.RealtyAgentService.InvalidateAsync(Guid userId, CancellationToken cancellationToken) in C:\Users\dsmol\RiderProjects\realty-portal\Server\Features\RealtyAgent\RealtyAgentService.cs:line 118&#xD;
   at Server.Features.RealtyAgent.RealtyAgentService.CreateAgentAsync(RealtyAgentEntity agent, CancellationToken cancellationToken) in C:\Users\dsmol\RiderProjects\realty-portal\Server\Features\RealtyAgent\RealtyAgentService.cs:line 104&#xD;
   at Server.Features.RealtyAgent.BecomeAgent.BecomeAgent.BecomeAgentAsync(ClaimsPrincipal principal, UserService userService, RealtyAgentService realtyAgentService, CancellationToken cancellationToken) in C:\Users\dsmol\RiderProjects\realty-portal\Server\Features\RealtyAgent\BecomeAgent\BecomeAgent.cs:line 40&#xD;
   at Microsoft.AspNetCore.Http.RequestDelegateFactory.&lt;TaskOfTToValueTaskOfObject&gt;g__ExecuteAwaited|92_0[T](Task`1 task)&#xD;
   at Server.Infrastructure.Filters.ValidationFilter.InvokeAsync(EndpointFilterInvocationContext context, EndpointFilterDelegate next) in C:\Users\dsmol\RiderProjects\realty-portal\Server\Infrastructure\Filters\ValidationFilter.cs:line 21&#xD;
   at Microsoft.AspNetCore.Http.RequestDelegateFactory.&lt;ExecuteValueTaskOfObject&gt;g__ExecuteAwaited|130_0(ValueTask`1 valueTask, HttpContext httpContext, JsonTypeInfo`1 jsonTypeInfo)&#xD;
   at Microsoft.AspNetCore.Authorization.AuthorizationMiddleware.Invoke(HttpContext context)&#xD;
   at Microsoft.AspNetCore.Authentication.AuthenticationMiddleware.Invoke(HttpContext context)&#xD;
   at Microsoft.AspNetCore.TestHost.HttpContextBuilder.&lt;&gt;c__DisplayClass23_0.&lt;&lt;SendAsync&gt;g__RunRequestAsync|0&gt;d.MoveNext()&#xD;
--- End of stack trace from previous location ---&#xD;
   at Microsoft.AspNetCore.TestHost.ClientHandler.SendAsync(HttpRequestMessage request, CancellationToken cancellationToken)&#xD;
   at Microsoft.AspNetCore.Mvc.Testing.Handlers.CookieContainerHandler.SendAsync(HttpRequestMessage request, CancellationToken cancellationToken)&#xD;
   at Microsoft.AspNetCore.Mvc.Testing.Handlers.RedirectHandler.SendAsync(HttpRequestMessage request, CancellationToken cancellationToken)&#xD;
   at System.Net.Http.HttpClient.&lt;SendAsync&gt;g__Core|83_0(HttpRequestMessage request, HttpCompletionOption completionOption, CancellationTokenSource cts, Boolean disposeCts, CancellationTokenSource pendingRequestsCts, CancellationToken originalCancellationToken)&#xD;
   at Server.Tests.Features.RealtyAgent.BecomeAgent.BecomeAgentTests.BecomeAgent_PutsTheAgentRoleIntoTheNextToken() in C:\Users\dsmol\RiderProjects\realty-portal\Tests\Server.Tests\Features\RealtyAgent\BecomeAgent\BecomeAgentTests.cs:line 62&#xD;
--- End of stack trace from previous location ---</StackTrace>
        </ErrorInfo>
      </Output>
    </UnitTestResult>
    <UnitTestResult executionId="a97a5947-fe16-4235-a1a1-3558f9b9a24d" testId="3e048013-42ed-016c-586f-5a988aab38d2" testName="Server.Tests.Features.User.Login.LoginTests.Login_WithWrongPassword_ReturnsUnauthorized" computerName="DESKTOP-U5S7BPI" duration="00:00:00.1311767" startTime="2026-08-22T21:33:33.5597499+02:00" endTime="2026-08-22T21:33:33.6912462+02:00" testType="13cdc9d9-ddb5-4fa4-a97d-d965ccfc6d4b" outcome="Passed" testListId="8c84fa94-04c1-424b-9868-57a2d4851a1d" relativeResultsDirectory="a97a5947-fe16-4235-a1a1-3558f9b9a24d" />
    <UnitTestResult executionId="b9bb6670-4e50-49cd-9772-83610ca64571" testId="b3cb349f-9638-8d9a-900e-17d1864e61c2" testName="Server.Tests.Features.User.Register.RegisterTests.Register_WithValidData_ReturnsTokensAndAccount" computerName="DESKTOP-U5S7BPI" duration="00:00:00.0619378" startTime="2026-08-22T21:33:33.5068274+02:00" endTime="2026-08-22T21:33:33.5747773+02:00" testType="13cdc9d9-ddb5-4fa4-a97d-d965ccfc6d4b" outcome="Passed" testListId="8c84fa94-04c1-424b-9868-57a2d4851a1d" relativeResultsDirectory="b9bb6670-4e50-49cd-9772-83610ca64571" />
  </Results>
  <TestDefinitions>
    <UnitTest name="Server.Tests.Features.RealtyAgent.BecomeAgent.BecomeAgentTests.BecomeAgent_CreatesAnAgentWithoutAnAgency" storage="c:\users\dsmol\riderprojects\realty-portal\tests\server.tests\bin\debug\net10.0\server.tests.dll" id="8f478910-8cd9-a9c5-057e-ac9eccb5f34d">
      <Execution id="f953d11a-dc97-46c3-aa0a-92d51a015c3f" />
      <TestMethod codeBase="C:\Users\dsmol\RiderProjects\realty-portal\Tests\Server.Tests\bin\Debug\net10.0\Server.Tests.dll" adapterTypeName="executor://xunit/VsTestRunner3/netcore/" className="Server.Tests.Features.RealtyAgent.BecomeAgent.BecomeAgentTests" name="BecomeAgent_CreatesAnAgentWithoutAnAgency" />
    </UnitTest>
    <UnitTest name="Server.Tests.Features.User.Register.RegisterTests.Register_WithValidData_ReturnsTokensAndAccount" storage="c:\users\dsmol\riderprojects\realty-portal\tests\server.tests\bin\debug\net10.0\server.tests.dll" id="b3cb349f-9638-8d9a-900e-17d1864e61c2">
      <Execution id="b9bb6670-4e50-49cd-9772-83610ca64571" />
      <TestMethod codeBase="C:\Users\dsmol\RiderProjects\realty-portal\Tests\Server.Tests\bin\Debug\net10.0\Server.Tests.dll" adapterTypeName="executor://xunit/VsTestRunner3/netcore/" className="Server.Tests.Features.User.Register.RegisterTests" name="Register_WithValidData_ReturnsTokensAndAccount" />
    </UnitTest>
    <UnitTest name="Server.Tests.Features.User.Logout.LogoutTests.Logout_LeavesTheOtherSessionsOfTheSameUserAlone" storage="c:\users\dsmol\riderprojects\realty-portal\tests\server.tests\bin\debug\net10.0\server.tests.dll" id="cf3c9d08-be94-7661-98ce-b7617868d008">
      <Execution id="f6d8d645-c0cc-45d6-9b75-2ef149f94185" />
      <TestMethod codeBase="C:\Users\dsmol\RiderProjects\realty-portal\Tests\Server.Tests\bin\Debug\net10.0\Server.Tests.dll" adapterTypeName="executor://xunit/VsTestRunner3/netcore/" className="Server.Tests.Features.User.Logout.LogoutTests" name="Logout_LeavesTheOtherSessionsOfTheSameUserAlone" />
    </UnitTest>
    <UnitTest name="Server.Tests.Features.User.Logout.LogoutTests.Logout_WithdrawsTheRefreshToken" storage="c:\users\dsmol\riderprojects\realty-portal\tests\server.tests\bin\debug\net10.0\server.tests.dll" id="449ae827-c444-6015-2d24-feab52324e33">
      <Execution id="a50179bd-12aa-4b4b-9685-39373bc06bd5" />
      <TestMethod codeBase="C:\Users\dsmol\RiderProjects\realty-portal\Tests\Server.Tests\bin\Debug\net10.0\Server.Tests.dll" adapterTypeName="executor://xunit/VsTestRunner3/netcore/" className="Server.Tests.Features.User.Logout.LogoutTests" name="Logout_WithdrawsTheRefreshToken" />
    </UnitTest>
    <UnitTest name="Server.Tests.Features.RealtyAgent.BecomeAgent.BecomeAgentTests.BecomeAgent_PutsTheAgentRoleIntoTheNextToken" storage="c:\users\dsmol\riderprojects\realty-portal\tests\server.tests\bin\debug\net10.0\server.tests.dll" id="aae2c103-fa3f-1c0c-8a71-03566cb1df7a">
      <Execution id="2bdd0cd4-5e1a-4d97-a367-7010ad939635" />
      <TestMethod codeBase="C:\Users\dsmol\RiderProjects\realty-portal\Tests\Server.Tests\bin\Debug\net10.0\Server.Tests.dll" adapterTypeName="executor://xunit/VsTestRunner3/netcore/" className="Server.Tests.Features.RealtyAgent.BecomeAgent.BecomeAgentTests" name="BecomeAgent_PutsTheAgentRoleIntoTheNextToken" />
    </UnitTest>
    <UnitTest name="Server.Tests.Features.User.Login.LoginTests.Login_WithUnknownUser_ReturnsUnauthorized" storage="c:\users\dsmol\riderprojects\realty-portal\tests\server.tests\bin\debug\net10.0\server.tests.dll" id="80f4d606-df6b-c4d3-2236-5a393f11a8cb">
      <Execution id="7e3d6384-886b-4405-ad2a-0611aae050e3" />
      <TestMethod codeBase="C:\Users\dsmol\RiderProjects\realty-portal\Tests\Server.Tests\bin\Debug\net10.0\Server.Tests.dll" adapterTypeName="executor://xunit/VsTestRunner3/netcore/" className="Server.Tests.Features.User.Login.LoginTests" name="Login_WithUnknownUser_ReturnsUnauthorized" />
    </UnitTest>
    <UnitTest name="Server.Tests.Features.User.Login.LoginTests.Login_WithValidCredentials_ReturnsTokens" storage="c:\users\dsmol\riderprojects\realty-portal\tests\server.tests\bin\debug\net10.0\server.tests.dll" id="67ecbe4e-70df-ae8e-3ef2-eb4ef70fce65">
      <Execution id="ab0afe86-5436-4426-a968-a6845cfd66fa" />
      <TestMethod codeBase="C:\Users\dsmol\RiderProjects\realty-portal\Tests\Server.Tests\bin\Debug\net10.0\Server.Tests.dll" adapterTypeName="executor://xunit/VsTestRunner3/netcore/" className="Server.Tests.Features.User.Login.LoginTests" name="Login_WithValidCredentials_ReturnsTokens" />
    </UnitTest>
    <UnitTest name="Server.Tests.Features.User.Register.RegisterTests.Register_WithDuplicateEmail_ReturnsBadRequest" storage="c:\users\dsmol\riderprojects\realty-portal\tests\server.tests\bin\debug\net10.0\server.tests.dll" id="f18d492a-e7a5-0544-360b-ed5f971d0a22">
      <Execution id="ba392d5c-b83c-46d9-84ff-d594d10d9c8a" />
      <TestMethod codeBase="C:\Users\dsmol\RiderProjects\realty-portal\Tests\Server.Tests\bin\Debug\net10.0\Server.Tests.dll" adapterTypeName="executor://xunit/VsTestRunner3/netcore/" className="Server.Tests.Features.User.Register.RegisterTests" name="Register_WithDuplicateEmail_ReturnsBadRequest" />
    </UnitTest>
    <UnitTest name="Server.Tests.Features.User.Logout.LogoutTests.Logout_WithoutAToken_IsRefused" storage="c:\users\dsmol\riderprojects\realty-portal\tests\server.tests\bin\debug\net10.0\server.tests.dll" id="4a68e481-c9ee-cf87-fa53-ef94bee7ca67">
      <Execution id="030e29a7-b6d9-47b2-9c03-e08c6a77921a" />
      <TestMethod codeBase="C:\Users\dsmol\RiderProjects\realty-portal\Tests\Server.Tests\bin\Debug\net10.0\Server.Tests.dll" adapterTypeName="executor://xunit/VsTestRunner3/netcore/" className="Server.Tests.Features.User.Logout.LogoutTests" name="Logout_WithoutAToken_IsRefused" />
    </UnitTest>
    <UnitTest name="Server.Tests.Features.User.Login.LoginTests.Login_WithWrongPassword_ReturnsUnauthorized" storage="c:\users\dsmol\riderprojects\realty-portal\tests\server.tests\bin\debug\net10.0\server.tests.dll" id="3e048013-42ed-016c-586f-5a988aab38d2">
      <Execution id="a97a5947-fe16-4235-a1a1-3558f9b9a24d" />
      <TestMethod codeBase="C:\Users\dsmol\RiderProjects\realty-portal\Tests\Server.Tests\bin\Debug\net10.0\Server.Tests.dll" adapterTypeName="executor://xunit/VsTestRunner3/netcore/" className="Server.Tests.Features.User.Login.LoginTests" name="Login_WithWrongPassword_ReturnsUnauthorized" />
    </UnitTest>
    <UnitTest name="Server.Tests.Features.RealtyAgent.BecomeAgent.BecomeAgentTests.BecomeAgent_Twice_IsRefusedAsAConflict" storage="c:\users\dsmol\riderprojects\realty-portal\tests\server.tests\bin\debug\net10.0\server.tests.dll" id="bf1e503d-7b15-d255-398f-1d0ef2d0a4ed">
      <Execution id="12b5419f-ebb1-435d-8ab6-44db95c41bc1" />
      <TestMethod codeBase="C:\Users\dsmol\RiderProjects\realty-portal\Tests\Server.Tests\bin\Debug\net10.0\Server.Tests.dll" adapterTypeName="executor://xunit/VsTestRunner3/netcore/" className="Server.Tests.Features.RealtyAgent.BecomeAgent.BecomeAgentTests" name="BecomeAgent_Twice_IsRefusedAsAConflict" />
    </UnitTest>
    <UnitTest name="Server.Tests.Features.RealtyAgent.BecomeAgent.BecomeAgentTests.BecomeAgent_WithoutAToken_IsRefused" storage="c:\users\dsmol\riderprojects\realty-portal\tests\server.tests\bin\debug\net10.0\server.tests.dll" id="f0ec249e-bd80-71a8-6bb7-7c0187c290e8">
      <Execution id="92885bd0-3628-462d-abf3-1ee8a1c2621f" />
      <TestMethod codeBase="C:\Users\dsmol\RiderProjects\realty-portal\Tests\Server.Tests\bin\Debug\net10.0\Server.Tests.dll" adapterTypeName="executor://xunit/VsTestRunner3/netcore/" className="Server.Tests.Features.RealtyAgent.BecomeAgent.BecomeAgentTests" name="BecomeAgent_WithoutAToken_IsRefused" />
    </UnitTest>
  </TestDefinitions>
  <TestEntries>
    <TestEntry testId="8f478910-8cd9-a9c5-057e-ac9eccb5f34d" executionId="f953d11a-dc97-46c3-aa0a-92d51a015c3f" testListId="8c84fa94-04c1-424b-9868-57a2d4851a1d" />
    <TestEntry testId="f18d492a-e7a5-0544-360b-ed5f971d0a22" executionId="ba392d5c-b83c-46d9-84ff-d594d10d9c8a" testListId="8c84fa94-04c1-424b-9868-57a2d4851a1d" />
    <TestEntry testId="f0ec249e-bd80-71a8-6bb7-7c0187c290e8" executionId="92885bd0-3628-462d-abf3-1ee8a1c2621f" testListId="8c84fa94-04c1-424b-9868-57a2d4851a1d" />
    <TestEntry testId="cf3c9d08-be94-7661-98ce-b7617868d008" executionId="f6d8d645-c0cc-45d6-9b75-2ef149f94185" testListId="8c84fa94-04c1-424b-9868-57a2d4851a1d" />
    <TestEntry testId="67ecbe4e-70df-ae8e-3ef2-eb4ef70fce65" executionId="ab0afe86-5436-4426-a968-a6845cfd66fa" testListId="8c84fa94-04c1-424b-9868-57a2d4851a1d" />
    <TestEntry testId="449ae827-c444-6015-2d24-feab52324e33" executionId="a50179bd-12aa-4b4b-9685-39373bc06bd5" testListId="8c84fa94-04c1-424b-9868-57a2d4851a1d" />
    <TestEntry testId="80f4d606-df6b-c4d3-2236-5a393f11a8cb" executionId="7e3d6384-886b-4405-ad2a-0611aae050e3" testListId="8c84fa94-04c1-424b-9868-57a2d4851a1d" />
    <TestEntry testId="4a68e481-c9ee-cf87-fa53-ef94bee7ca67" executionId="030e29a7-b6d9-47b2-9c03-e08c6a77921a" testListId="8c84fa94-04c1-424b-9868-57a2d4851a1d" />
    <TestEntry testId="bf1e503d-7b15-d255-398f-1d0ef2d0a4ed" executionId="12b5419f-ebb1-435d-8ab6-44db95c41bc1" testListId="8c84fa94-04c1-424b-9868-57a2d4851a1d" />
    <TestEntry testId="aae2c103-fa3f-1c0c-8a71-03566cb1df7a" executionId="2bdd0cd4-5e1a-4d97-a367-7010ad939635" testListId="8c84fa94-04c1-424b-9868-57a2d4851a1d" />
    <TestEntry testId="3e048013-42ed-016c-586f-5a988aab38d2" executionId="a97a5947-fe16-4235-a1a1-3558f9b9a24d" testListId="8c84fa94-04c1-424b-9868-57a2d4851a1d" />
    <TestEntry testId="b3cb349f-9638-8d9a-900e-17d1864e61c2" executionId="b9bb6670-4e50-49cd-9772-83610ca64571" testListId="8c84fa94-04c1-424b-9868-57a2d4851a1d" />
  </TestEntries>
  <TestLists>
    <TestList name="Výsledky neuvedené v seznamu" id="8c84fa94-04c1-424b-9868-57a2d4851a1d" />
    <TestList name="Všechny načtené výsledky" id="19431567-8539-422a-85d7-44ee4e166bda" />
  </TestLists>
  <ResultSummary outcome="Failed">
    <Counters total="12" executed="12" passed="9" failed="3" error="0" timeout="0" aborted="0" inconclusive="0" passedButRunAborted="0" notRunnable="0" notExecuted="0" disconnected="0" warning="0" completed="0" inProgress="0" pending="0" />
    <Output>
      <StdOut>[xUnit.net 00:00:00.00] xUnit.net VSTest Adapter v3.1.1+bf6400fd51 (64-bit .NET 10.0.10)&#xD;
[xUnit.net 00:00:00.08]   Discovering: Server.Tests&#xD;
[xUnit.net 00:00:00.11]   Discovered:  Server.Tests&#xD;
[xUnit.net 00:00:00.12]   Starting:    Server.Tests&#xD;
info: Microsoft.EntityFrameworkCore.Database.Command[20101]&#xD;
      Executed DbCommand (4ms) [Parameters=[@normalizedName='?' (Size = 10)], CommandType='Text', CommandTimeout='30']&#xD;
      SELECT "a"."Id", "a"."ConcurrencyStamp", "a"."CreatedAt", "a"."Name", "a"."NormalizedName", "a"."UpdatedAt"&#xD;
      FROM "AspNetRoles" AS "a"&#xD;
      WHERE "a"."NormalizedName" = @normalizedName&#xD;
      LIMIT 1&#xD;
info: Microsoft.EntityFrameworkCore.Database.Command[20101]&#xD;
      Executed DbCommand (4ms) [Parameters=[@normalizedName='?' (Size = 10)], CommandType='Text', CommandTimeout='30']&#xD;
      SELECT "a"."Id", "a"."ConcurrencyStamp", "a"."CreatedAt", "a"."Name", "a"."NormalizedName", "a"."UpdatedAt"&#xD;
      FROM "AspNetRoles" AS "a"&#xD;
      WHERE "a"."NormalizedName" = @normalizedName&#xD;
      LIMIT 1&#xD;
info: Microsoft.EntityFrameworkCore.Database.Command[20101]&#xD;
      Executed DbCommand (4ms) [Parameters=[@normalizedName='?' (Size = 10)], CommandType='Text', CommandTimeout='30']&#xD;
      SELECT "a"."Id", "a"."ConcurrencyStamp", "a"."CreatedAt", "a"."Name", "a"."NormalizedName", "a"."UpdatedAt"&#xD;
      FROM "AspNetRoles" AS "a"&#xD;
      WHERE "a"."NormalizedName" = @normalizedName&#xD;
      LIMIT 1&#xD;
info: Microsoft.EntityFrameworkCore.Database.Command[20101]&#xD;
      Executed DbCommand (4ms) [Parameters=[@normalizedName='?' (Size = 10)], CommandType='Text', CommandTimeout='30']&#xD;
      SELECT "a"."Id", "a"."ConcurrencyStamp", "a"."CreatedAt", "a"."Name", "a"."NormalizedName", "a"."UpdatedAt"&#xD;
      FROM "AspNetRoles" AS "a"&#xD;
      WHERE "a"."NormalizedName" = @normalizedName&#xD;
      LIMIT 1&#xD;
info: Microsoft.EntityFrameworkCore.Database.Command[20101]&#xD;
      Executed DbCommand (0ms) [Parameters=[@normalizedName='?' (Size = 10)], CommandType='Text', CommandTimeout='30']&#xD;
      SELECT "a"."Id", "a"."ConcurrencyStamp", "a"."CreatedAt", "a"."Name", "a"."NormalizedName", "a"."UpdatedAt"&#xD;
      FROM "AspNetRoles" AS "a"&#xD;
      WHERE "a"."NormalizedName" = @normalizedName&#xD;
      LIMIT 1&#xD;
info: Microsoft.EntityFrameworkCore.Database.Command[20101]&#xD;
      Executed DbCommand (0ms) [Parameters=[@normalizedName='?' (Size = 10)], CommandType='Text', CommandTimeout='30']&#xD;
      SELECT "a"."Id", "a"."ConcurrencyStamp", "a"."CreatedAt", "a"."Name", "a"."NormalizedName", "a"."UpdatedAt"&#xD;
      FROM "AspNetRoles" AS "a"&#xD;
      WHERE "a"."NormalizedName" = @normalizedName&#xD;
      LIMIT 1&#xD;
info: Microsoft.EntityFrameworkCore.Database.Command[20101]&#xD;
      Executed DbCommand (0ms) [Parameters=[@normalizedName='?' (Size = 10)], CommandType='Text', CommandTimeout='30']&#xD;
      SELECT "a"."Id", "a"."ConcurrencyStamp", "a"."CreatedAt", "a"."Name", "a"."NormalizedName", "a"."UpdatedAt"&#xD;
      FROM "AspNetRoles" AS "a"&#xD;
      WHERE "a"."NormalizedName" = @normalizedName&#xD;
      LIMIT 1&#xD;
info: Microsoft.EntityFrameworkCore.Database.Command[20101]&#xD;
      Executed DbCommand (0ms) [Parameters=[@normalizedName='?' (Size = 10)], CommandType='Text', CommandTimeout='30']&#xD;
      SELECT "a"."Id", "a"."ConcurrencyStamp", "a"."CreatedAt", "a"."Name", "a"."NormalizedName", "a"."UpdatedAt"&#xD;
      FROM "AspNetRoles" AS "a"&#xD;
      WHERE "a"."NormalizedName" = @normalizedName&#xD;
      LIMIT 1&#xD;
info: Microsoft.EntityFrameworkCore.Database.Command[20101]&#xD;
      Executed DbCommand (0ms) [Parameters=[@p0='?' (DbType = Guid), @p1='?' (Size = 36), @p2='?' (DbType = DateTimeOffset), @p3='?' (Size = 10), @p4='?' (Size = 10), @p5='?' (DbType = DateTimeOffset)], CommandType='Text', CommandTimeout='30']&#xD;
      INSERT INTO "AspNetRoles" ("Id", "ConcurrencyStamp", "CreatedAt", "Name", "NormalizedName", "UpdatedAt")&#xD;
      VALUES (@p0, @p1, @p2, @p3, @p4, @p5);&#xD;
info: Microsoft.EntityFrameworkCore.Database.Command[20101]&#xD;
      Executed DbCommand (0ms) [Parameters=[@p0='?' (DbType = Guid), @p1='?' (Size = 36), @p2='?' (DbType = DateTimeOffset), @p3='?' (Size = 10), @p4='?' (Size = 10), @p5='?' (DbType = DateTimeOffset)], CommandType='Text', CommandTimeout='30']&#xD;
      INSERT INTO "AspNetRoles" ("Id", "ConcurrencyStamp", "CreatedAt", "Name", "NormalizedName", "UpdatedAt")&#xD;
      VALUES (@p0, @p1, @p2, @p3, @p4, @p5);&#xD;
info: Microsoft.EntityFrameworkCore.Database.Command[20101]&#xD;
      Executed DbCommand (0ms) [Parameters=[@p0='?' (DbType = Guid), @p1='?' (Size = 36), @p2='?' (DbType = DateTimeOffset), @p3='?' (Size = 10), @p4='?' (Size = 10), @p5='?' (DbType = DateTimeOffset)], CommandType='Text', CommandTimeout='30']&#xD;
      INSERT INTO "AspNetRoles" ("Id", "ConcurrencyStamp", "CreatedAt", "Name", "NormalizedName", "UpdatedAt")&#xD;
      VALUES (@p0, @p1, @p2, @p3, @p4, @p5);&#xD;
info: Microsoft.EntityFrameworkCore.Database.Command[20101]&#xD;
      Executed DbCommand (0ms) [Parameters=[@p0='?' (DbType = Guid), @p1='?' (Size = 36), @p2='?' (DbType = DateTimeOffset), @p3='?' (Size = 10), @p4='?' (Size = 10), @p5='?' (DbType = DateTimeOffset)], CommandType='Text', CommandTimeout='30']&#xD;
      INSERT INTO "AspNetRoles" ("Id", "ConcurrencyStamp", "CreatedAt", "Name", "NormalizedName", "UpdatedAt")&#xD;
      VALUES (@p0, @p1, @p2, @p3, @p4, @p5);&#xD;
info: Microsoft.Hosting.Lifetime[0]&#xD;
      Application started. Press Ctrl+C to shut down.&#xD;
info: Microsoft.Hosting.Lifetime[0]&#xD;
      Application started. Press Ctrl+C to shut down.&#xD;
info: Microsoft.Hosting.Lifetime[0]&#xD;
      Application started. Press Ctrl+C to shut down.&#xD;
info: Microsoft.Hosting.Lifetime[0]&#xD;
      Application started. Press Ctrl+C to shut down.&#xD;
info: Microsoft.Hosting.Lifetime[0]&#xD;
      Hosting environment: Testing&#xD;
info: Microsoft.Hosting.Lifetime[0]&#xD;
      Hosting environment: Testing&#xD;
info: Microsoft.Hosting.Lifetime[0]&#xD;
      Content root path: C:\Users\dsmol\RiderProjects\realty-portal\Server&#xD;
info: Microsoft.Hosting.Lifetime[0]&#xD;
      Hosting environment: Testing&#xD;
info: Microsoft.Hosting.Lifetime[0]&#xD;
      Content root path: C:\Users\dsmol\RiderProjects\realty-portal\Server&#xD;
info: Microsoft.Hosting.Lifetime[0]&#xD;
      Hosting environment: Testing&#xD;
info: Microsoft.Hosting.Lifetime[0]&#xD;
      Content root path: C:\Users\dsmol\RiderProjects\realty-portal\Server&#xD;
info: Microsoft.Hosting.Lifetime[0]&#xD;
      Content root path: C:\Users\dsmol\RiderProjects\realty-portal\Server&#xD;
warn: Microsoft.AspNetCore.HttpsPolicy.HttpsRedirectionMiddleware[3]&#xD;
      Failed to determine the https port for redirect.&#xD;
warn: Microsoft.AspNetCore.HttpsPolicy.HttpsRedirectionMiddleware[3]&#xD;
      Failed to determine the https port for redirect.&#xD;
warn: Microsoft.AspNetCore.HttpsPolicy.HttpsRedirectionMiddleware[3]&#xD;
      Failed to determine the https port for redirect.&#xD;
warn: Microsoft.AspNetCore.HttpsPolicy.HttpsRedirectionMiddleware[3]&#xD;
      Failed to determine the https port for redirect.&#xD;
info: Microsoft.EntityFrameworkCore.Database.Command[20101]&#xD;
      Executed DbCommand (0ms) [Parameters=[@normalizedEmail='?' (Size = 18)], CommandType='Text', CommandTimeout='30']&#xD;
      SELECT "a"."Id", "a"."AccessFailedCount", "a"."ConcurrencyStamp", "a"."CreatedAt", "a"."Email", "a"."EmailConfirmed", "a"."LockoutEnabled", "a"."LockoutEnd", "a"."NormalizedEmail", "a"."NormalizedUserName", "a"."PasswordHash", "a"."PhoneNumber", "a"."PhoneNumberConfirmed", "a"."SecurityStamp", "a"."TwoFactorEnabled", "a"."UpdatedAt", "a"."UserName"&#xD;
      FROM "AspNetUsers" AS "a"&#xD;
      WHERE "a"."NormalizedEmail" = @normalizedEmail&#xD;
      LIMIT 2&#xD;
info: Microsoft.EntityFrameworkCore.Database.Command[20101]&#xD;
      Executed DbCommand (0ms) [Parameters=[@normalizedEmail='?' (Size = 22)], CommandType='Text', CommandTimeout='30']&#xD;
      SELECT "a"."Id", "a"."AccessFailedCount", "a"."ConcurrencyStamp", "a"."CreatedAt", "a"."Email", "a"."EmailConfirmed", "a"."LockoutEnabled", "a"."LockoutEnd", "a"."NormalizedEmail", "a"."NormalizedUserName", "a"."PasswordHash", "a"."PhoneNumber", "a"."PhoneNumberConfirmed", "a"."SecurityStamp", "a"."TwoFactorEnabled", "a"."UpdatedAt", "a"."UserName"&#xD;
      FROM "AspNetUsers" AS "a"&#xD;
      WHERE "a"."NormalizedEmail" = @normalizedEmail&#xD;
      LIMIT 2&#xD;
info: Microsoft.EntityFrameworkCore.Database.Command[20101]&#xD;
      Executed DbCommand (0ms) [Parameters=[@normalizedEmail='?' (Size = 21)], CommandType='Text', CommandTimeout='30']&#xD;
      SELECT "a"."Id", "a"."AccessFailedCount", "a"."ConcurrencyStamp", "a"."CreatedAt", "a"."Email", "a"."EmailConfirmed", "a"."LockoutEnabled", "a"."LockoutEnd", "a"."NormalizedEmail", "a"."NormalizedUserName", "a"."PasswordHash", "a"."PhoneNumber", "a"."PhoneNumberConfirmed", "a"."SecurityStamp", "a"."TwoFactorEnabled", "a"."UpdatedAt", "a"."UserName"&#xD;
      FROM "AspNetUsers" AS "a"&#xD;
      WHERE "a"."NormalizedEmail" = @normalizedEmail&#xD;
      LIMIT 2&#xD;
info: Microsoft.EntityFrameworkCore.Database.Command[20101]&#xD;
      Executed DbCommand (0ms) [Parameters=[@normalizedEmail='?' (Size = 22)], CommandType='Text', CommandTimeout='30']&#xD;
      SELECT "a"."Id", "a"."AccessFailedCount", "a"."ConcurrencyStamp", "a"."CreatedAt", "a"."Email", "a"."EmailConfirmed", "a"."LockoutEnabled", "a"."LockoutEnd", "a"."NormalizedEmail", "a"."NormalizedUserName", "a"."PasswordHash", "a"."PhoneNumber", "a"."PhoneNumberConfirmed", "a"."SecurityStamp", "a"."TwoFactorEnabled", "a"."UpdatedAt", "a"."UserName"&#xD;
      FROM "AspNetUsers" AS "a"&#xD;
      WHERE "a"."NormalizedEmail" = @normalizedEmail&#xD;
      LIMIT 2&#xD;
info: Microsoft.EntityFrameworkCore.Database.Command[20101]&#xD;
      Executed DbCommand (0ms) [Parameters=[@normalizedUserName='?' (Size = 10)], CommandType='Text', CommandTimeout='30']&#xD;
      SELECT "a"."Id", "a"."AccessFailedCount", "a"."ConcurrencyStamp", "a"."CreatedAt", "a"."Email", "a"."EmailConfirmed", "a"."LockoutEnabled", "a"."LockoutEnd", "a"."NormalizedEmail", "a"."NormalizedUserName", "a"."PasswordHash", "a"."PhoneNumber", "a"."PhoneNumberConfirmed", "a"."SecurityStamp", "a"."TwoFactorEnabled", "a"."UpdatedAt", "a"."UserName"&#xD;
      FROM "AspNetUsers" AS "a"&#xD;
      WHERE "a"."NormalizedUserName" = @normalizedUserName&#xD;
      LIMIT 1&#xD;
info: Microsoft.EntityFrameworkCore.Database.Command[20101]&#xD;
      Executed DbCommand (0ms) [Parameters=[@normalizedUserName='?' (Size = 10)], CommandType='Text', CommandTimeout='30']&#xD;
      SELECT "a"."Id", "a"."AccessFailedCount", "a"."ConcurrencyStamp", "a"."CreatedAt", "a"."Email", "a"."EmailConfirmed", "a"."LockoutEnabled", "a"."LockoutEnd", "a"."NormalizedEmail", "a"."NormalizedUserName", "a"."PasswordHash", "a"."PhoneNumber", "a"."PhoneNumberConfirmed", "a"."SecurityStamp", "a"."TwoFactorEnabled", "a"."UpdatedAt", "a"."UserName"&#xD;
      FROM "AspNetUsers" AS "a"&#xD;
      WHERE "a"."NormalizedUserName" = @normalizedUserName&#xD;
      LIMIT 1&#xD;
info: Microsoft.EntityFrameworkCore.Database.Command[20101]&#xD;
      Executed DbCommand (0ms) [Parameters=[@normalizedUserName='?' (Size = 10)], CommandType='Text', CommandTimeout='30']&#xD;
      SELECT "a"."Id", "a"."AccessFailedCount", "a"."ConcurrencyStamp", "a"."CreatedAt", "a"."Email", "a"."EmailConfirmed", "a"."LockoutEnabled", "a"."LockoutEnd", "a"."NormalizedEmail", "a"."NormalizedUserName", "a"."PasswordHash", "a"."PhoneNumber", "a"."PhoneNumberConfirmed", "a"."SecurityStamp", "a"."TwoFactorEnabled", "a"."UpdatedAt", "a"."UserName"&#xD;
      FROM "AspNetUsers" AS "a"&#xD;
      WHERE "a"."NormalizedUserName" = @normalizedUserName&#xD;
      LIMIT 1&#xD;
info: Microsoft.EntityFrameworkCore.Database.Command[20101]&#xD;
      Executed DbCommand (0ms) [Parameters=[@normalizedUserName='?' (Size = 18)], CommandType='Text', CommandTimeout='30']&#xD;
      SELECT "a"."Id", "a"."AccessFailedCount", "a"."ConcurrencyStamp", "a"."CreatedAt", "a"."Email", "a"."EmailConfirmed", "a"."LockoutEnabled", "a"."LockoutEnd", "a"."NormalizedEmail", "a"."NormalizedUserName", "a"."PasswordHash", "a"."PhoneNumber", "a"."PhoneNumberConfirmed", "a"."SecurityStamp", "a"."TwoFactorEnabled", "a"."UpdatedAt", "a"."UserName"&#xD;
      FROM "AspNetUsers" AS "a"&#xD;
      WHERE "a"."NormalizedUserName" = @normalizedUserName&#xD;
      LIMIT 1&#xD;
info: Microsoft.EntityFrameworkCore.Database.Command[20101]&#xD;
      Executed DbCommand (0ms) [Parameters=[@normalizedEmail='?' (Size = 21)], CommandType='Text', CommandTimeout='30']&#xD;
      SELECT "a"."Id", "a"."AccessFailedCount", "a"."ConcurrencyStamp", "a"."CreatedAt", "a"."Email", "a"."EmailConfirmed", "a"."LockoutEnabled", "a"."LockoutEnd", "a"."NormalizedEmail", "a"."NormalizedUserName", "a"."PasswordHash", "a"."PhoneNumber", "a"."PhoneNumberConfirmed", "a"."SecurityStamp", "a"."TwoFactorEnabled", "a"."UpdatedAt", "a"."UserName"&#xD;
      FROM "AspNetUsers" AS "a"&#xD;
      WHERE "a"."NormalizedEmail" = @normalizedEmail&#xD;
      LIMIT 2&#xD;
info: Microsoft.EntityFrameworkCore.Database.Command[20101]&#xD;
      Executed DbCommand (0ms) [Parameters=[@normalizedUserName='?' (Size = 9)], CommandType='Text', CommandTimeout='30']&#xD;
      SELECT "a"."Id", "a"."AccessFailedCount", "a"."ConcurrencyStamp", "a"."CreatedAt", "a"."Email", "a"."EmailConfirmed", "a"."LockoutEnabled", "a"."LockoutEnd", "a"."NormalizedEmail", "a"."NormalizedUserName", "a"."PasswordHash", "a"."PhoneNumber", "a"."PhoneNumberConfirmed", "a"."SecurityStamp", "a"."TwoFactorEnabled", "a"."UpdatedAt", "a"."UserName"&#xD;
      FROM "AspNetUsers" AS "a"&#xD;
      WHERE "a"."NormalizedUserName" = @normalizedUserName&#xD;
      LIMIT 1&#xD;
info: Microsoft.EntityFrameworkCore.Database.Command[20101]&#xD;
      Executed DbCommand (0ms) [Parameters=[@normalizedUserName='?' (Size = 10)], CommandType='Text', CommandTimeout='30']&#xD;
      SELECT "a"."Id", "a"."AccessFailedCount", "a"."ConcurrencyStamp", "a"."CreatedAt", "a"."Email", "a"."EmailConfirmed", "a"."LockoutEnabled", "a"."LockoutEnd", "a"."NormalizedEmail", "a"."NormalizedUserName", "a"."PasswordHash", "a"."PhoneNumber", "a"."PhoneNumberConfirmed", "a"."SecurityStamp", "a"."TwoFactorEnabled", "a"."UpdatedAt", "a"."UserName"&#xD;
      FROM "AspNetUsers" AS "a"&#xD;
      WHERE "a"."NormalizedUserName" = @normalizedUserName&#xD;
      LIMIT 1&#xD;
info: Microsoft.EntityFrameworkCore.Database.Command[20101]&#xD;
      Executed DbCommand (0ms) [Parameters=[@normalizedUserName='?' (Size = 10)], CommandType='Text', CommandTimeout='30']&#xD;
      SELECT "a"."Id", "a"."AccessFailedCount", "a"."ConcurrencyStamp", "a"."CreatedAt", "a"."Email", "a"."EmailConfirmed", "a"."LockoutEnabled", "a"."LockoutEnd", "a"."NormalizedEmail", "a"."NormalizedUserName", "a"."PasswordHash", "a"."PhoneNumber", "a"."PhoneNumberConfirmed", "a"."SecurityStamp", "a"."TwoFactorEnabled", "a"."UpdatedAt", "a"."UserName"&#xD;
      FROM "AspNetUsers" AS "a"&#xD;
      WHERE "a"."NormalizedUserName" = @normalizedUserName&#xD;
      LIMIT 1&#xD;
info: Microsoft.EntityFrameworkCore.Database.Command[20101]&#xD;
      Executed DbCommand (0ms) [Parameters=[@normalizedUserName='?' (Size = 10)], CommandType='Text', CommandTimeout='30']&#xD;
      SELECT "a"."Id", "a"."AccessFailedCount", "a"."ConcurrencyStamp", "a"."CreatedAt", "a"."Email", "a"."EmailConfirmed", "a"."LockoutEnabled", "a"."LockoutEnd", "a"."NormalizedEmail", "a"."NormalizedUserName", "a"."PasswordHash", "a"."PhoneNumber", "a"."PhoneNumberConfirmed", "a"."SecurityStamp", "a"."TwoFactorEnabled", "a"."UpdatedAt", "a"."UserName"&#xD;
      FROM "AspNetUsers" AS "a"&#xD;
      WHERE "a"."NormalizedUserName" = @normalizedUserName&#xD;
      LIMIT 1&#xD;
info: Microsoft.EntityFrameworkCore.Database.Command[20101]&#xD;
      Executed DbCommand (0ms) [Parameters=[@normalizedEmail='?' (Size = 22)], CommandType='Text', CommandTimeout='30']&#xD;
      SELECT "a"."Id", "a"."AccessFailedCount", "a"."ConcurrencyStamp", "a"."CreatedAt", "a"."Email", "a"."EmailConfirmed", "a"."LockoutEnabled", "a"."LockoutEnd", "a"."NormalizedEmail", "a"."NormalizedUserName", "a"."PasswordHash", "a"."PhoneNumber", "a"."PhoneNumberConfirmed", "a"."SecurityStamp", "a"."TwoFactorEnabled", "a"."UpdatedAt", "a"."UserName"&#xD;
      FROM "AspNetUsers" AS "a"&#xD;
      WHERE "a"."NormalizedEmail" = @normalizedEmail&#xD;
      LIMIT 2&#xD;
info: Microsoft.EntityFrameworkCore.Database.Command[20101]&#xD;
      Executed DbCommand (0ms) [Parameters=[@normalizedEmail='?' (Size = 21)], CommandType='Text', CommandTimeout='30']&#xD;
      SELECT "a"."Id", "a"."AccessFailedCount", "a"."ConcurrencyStamp", "a"."CreatedAt", "a"."Email", "a"."EmailConfirmed", "a"."LockoutEnabled", "a"."LockoutEnd", "a"."NormalizedEmail", "a"."NormalizedUserName", "a"."PasswordHash", "a"."PhoneNumber", "a"."PhoneNumberConfirmed", "a"."SecurityStamp", "a"."TwoFactorEnabled", "a"."UpdatedAt", "a"."UserName"&#xD;
      FROM "AspNetUsers" AS "a"&#xD;
      WHERE "a"."NormalizedEmail" = @normalizedEmail&#xD;
      LIMIT 2&#xD;
info: Microsoft.EntityFrameworkCore.Database.Command[20101]&#xD;
      Executed DbCommand (0ms) [Parameters=[@normalizedEmail='?' (Size = 22)], CommandType='Text', CommandTimeout='30']&#xD;
      SELECT "a"."Id", "a"."AccessFailedCount", "a"."ConcurrencyStamp", "a"."CreatedAt", "a"."Email", "a"."EmailConfirmed", "a"."LockoutEnabled", "a"."LockoutEnd", "a"."NormalizedEmail", "a"."NormalizedUserName", "a"."PasswordHash", "a"."PhoneNumber", "a"."PhoneNumberConfirmed", "a"."SecurityStamp", "a"."TwoFactorEnabled", "a"."UpdatedAt", "a"."UserName"&#xD;
      FROM "AspNetUsers" AS "a"&#xD;
      WHERE "a"."NormalizedEmail" = @normalizedEmail&#xD;
      LIMIT 2&#xD;
info: Microsoft.EntityFrameworkCore.Database.Command[20101]&#xD;
      Executed DbCommand (0ms) [Parameters=[@normalizedUserName='?' (Size = 9)], CommandType='Text', CommandTimeout='30']&#xD;
      SELECT "a"."Id", "a"."AccessFailedCount", "a"."ConcurrencyStamp", "a"."CreatedAt", "a"."Email", "a"."EmailConfirmed", "a"."LockoutEnabled", "a"."LockoutEnd", "a"."NormalizedEmail", "a"."NormalizedUserName", "a"."PasswordHash", "a"."PhoneNumber", "a"."PhoneNumberConfirmed", "a"."SecurityStamp", "a"."TwoFactorEnabled", "a"."UpdatedAt", "a"."UserName"&#xD;
      FROM "AspNetUsers" AS "a"&#xD;
      WHERE "a"."NormalizedUserName" = @normalizedUserName&#xD;
      LIMIT 1&#xD;
info: Microsoft.EntityFrameworkCore.Database.Command[20101]&#xD;
      Executed DbCommand (0ms) [Parameters=[@normalizedEmail='?' (Size = 21)], CommandType='Text', CommandTimeout='30']&#xD;
      SELECT "a"."Id", "a"."AccessFailedCount", "a"."ConcurrencyStamp", "a"."CreatedAt", "a"."Email", "a"."EmailConfirmed", "a"."LockoutEnabled", "a"."LockoutEnd", "a"."NormalizedEmail", "a"."NormalizedUserName", "a"."PasswordHash", "a"."PhoneNumber", "a"."PhoneNumberConfirmed", "a"."SecurityStamp", "a"."TwoFactorEnabled", "a"."UpdatedAt", "a"."UserName"&#xD;
      FROM "AspNetUsers" AS "a"&#xD;
      WHERE "a"."NormalizedEmail" = @normalizedEmail&#xD;
      LIMIT 2&#xD;
info: Microsoft.EntityFrameworkCore.Database.Command[20101]&#xD;
      Executed DbCommand (1ms) [Parameters=[@p0='?' (DbType = Guid), @p1='?' (DbType = Int32), @p2='?' (Size = 36), @p3='?' (DbType = DateTimeOffset), @p4='?' (Size = 21), @p5='?' (DbType = Boolean), @p6='?' (DbType = Boolean), @p7='?' (DbType = DateTimeOffset), @p8='?' (Size = 21), @p9='?' (Size = 9), @p10='?' (Size = 84), @p11='?', @p12='?' (DbType = Boolean), @p13='?' (Size = 32), @p14='?' (DbType = Boolean), @p15='?' (DbType = DateTimeOffset), @p16='?' (Size = 9)], CommandType='Text', CommandTimeout='30']&#xD;
      INSERT INTO "AspNetUsers" ("Id", "AccessFailedCount", "ConcurrencyStamp", "CreatedAt", "Email", "EmailConfirmed", "LockoutEnabled", "LockoutEnd", "NormalizedEmail", "NormalizedUserName", "PasswordHash", "PhoneNumber", "PhoneNumberConfirmed", "SecurityStamp", "TwoFactorEnabled", "UpdatedAt", "UserName")&#xD;
      VALUES (@p0, @p1, @p2, @p3, @p4, @p5, @p6, @p7, @p8, @p9, @p10, @p11, @p12, @p13, @p14, @p15, @p16);&#xD;
info: Microsoft.EntityFrameworkCore.Database.Command[20101]&#xD;
      Executed DbCommand (1ms) [Parameters=[@p0='?' (DbType = Guid), @p1='?' (DbType = Int32), @p2='?' (Size = 36), @p3='?' (DbType = DateTimeOffset), @p4='?' (Size = 22), @p5='?' (DbType = Boolean), @p6='?' (DbType = Boolean), @p7='?' (DbType = DateTimeOffset), @p8='?' (Size = 22), @p9='?' (Size = 10), @p10='?' (Size = 84), @p11='?', @p12='?' (DbType = Boolean), @p13='?' (Size = 32), @p14='?' (DbType = Boolean), @p15='?' (DbType = DateTimeOffset), @p16='?' (Size = 10)], CommandType='Text', CommandTimeout='30']&#xD;
      INSERT INTO "AspNetUsers" ("Id", "AccessFailedCount", "ConcurrencyStamp", "CreatedAt", "Email", "EmailConfirmed", "LockoutEnabled", "LockoutEnd", "NormalizedEmail", "NormalizedUserName", "PasswordHash", "PhoneNumber", "PhoneNumberConfirmed", "SecurityStamp", "TwoFactorEnabled", "UpdatedAt", "UserName")&#xD;
      VALUES (@p0, @p1, @p2, @p3, @p4, @p5, @p6, @p7, @p8, @p9, @p10, @p11, @p12, @p13, @p14, @p15, @p16);&#xD;
info: Microsoft.EntityFrameworkCore.Database.Command[20101]&#xD;
      Executed DbCommand (1ms) [Parameters=[@p0='?' (DbType = Guid), @p1='?' (DbType = Int32), @p2='?' (Size = 36), @p3='?' (DbType = DateTimeOffset), @p4='?' (Size = 22), @p5='?' (DbType = Boolean), @p6='?' (DbType = Boolean), @p7='?' (DbType = DateTimeOffset), @p8='?' (Size = 22), @p9='?' (Size = 10), @p10='?' (Size = 84), @p11='?', @p12='?' (DbType = Boolean), @p13='?' (Size = 32), @p14='?' (DbType = Boolean), @p15='?' (DbType = DateTimeOffset), @p16='?' (Size = 10)], CommandType='Text', CommandTimeout='30']&#xD;
      INSERT INTO "AspNetUsers" ("Id", "AccessFailedCount", "ConcurrencyStamp", "CreatedAt", "Email", "EmailConfirmed", "LockoutEnabled", "LockoutEnd", "NormalizedEmail", "NormalizedUserName", "PasswordHash", "PhoneNumber", "PhoneNumberConfirmed", "SecurityStamp", "TwoFactorEnabled", "UpdatedAt", "UserName")&#xD;
      VALUES (@p0, @p1, @p2, @p3, @p4, @p5, @p6, @p7, @p8, @p9, @p10, @p11, @p12, @p13, @p14, @p15, @p16);&#xD;
info: Microsoft.EntityFrameworkCore.Database.Command[20101]&#xD;
      Executed DbCommand (1ms) [Parameters=[@p0='?' (DbType = Guid), @p1='?' (DbType = Int32), @p2='?' (Size = 36), @p3='?' (DbType = DateTimeOffset), @p4='?' (Size = 21), @p5='?' (DbType = Boolean), @p6='?' (DbType = Boolean), @p7='?' (DbType = DateTimeOffset), @p8='?' (Size = 21), @p9='?' (Size = 10), @p10='?' (Size = 84), @p11='?', @p12='?' (DbType = Boolean), @p13='?' (Size = 32), @p14='?' (DbType = Boolean), @p15='?' (DbType = DateTimeOffset), @p16='?' (Size = 10)], CommandType='Text', CommandTimeout='30']&#xD;
      INSERT INTO "AspNetUsers" ("Id", "AccessFailedCount", "ConcurrencyStamp", "CreatedAt", "Email", "EmailConfirmed", "LockoutEnabled", "LockoutEnd", "NormalizedEmail", "NormalizedUserName", "PasswordHash", "PhoneNumber", "PhoneNumberConfirmed", "SecurityStamp", "TwoFactorEnabled", "UpdatedAt", "UserName")&#xD;
      VALUES (@p0, @p1, @p2, @p3, @p4, @p5, @p6, @p7, @p8, @p9, @p10, @p11, @p12, @p13, @p14, @p15, @p16);&#xD;
info: Microsoft.EntityFrameworkCore.Database.Command[20101]&#xD;
      Executed DbCommand (0ms) [Parameters=[@userId='?' (DbType = Guid)], CommandType='Text', CommandTimeout='30']&#xD;
      SELECT "a0"."Name"&#xD;
      FROM "AspNetUserRoles" AS "a"&#xD;
      INNER JOIN "AspNetRoles" AS "a0" ON "a"."RoleId" = "a0"."Id"&#xD;
      WHERE "a"."UserId" = @userId&#xD;
info: Microsoft.EntityFrameworkCore.Database.Command[20101]&#xD;
      Executed DbCommand (0ms) [Parameters=[@userId='?' (DbType = Guid)], CommandType='Text', CommandTimeout='30']&#xD;
      SELECT "a0"."Name"&#xD;
      FROM "AspNetUserRoles" AS "a"&#xD;
      INNER JOIN "AspNetRoles" AS "a0" ON "a"."RoleId" = "a0"."Id"&#xD;
      WHERE "a"."UserId" = @userId&#xD;
info: Microsoft.EntityFrameworkCore.Database.Command[20101]&#xD;
      Executed DbCommand (0ms) [Parameters=[@userId='?' (DbType = Guid)], CommandType='Text', CommandTimeout='30']&#xD;
      SELECT "a0"."Name"&#xD;
      FROM "AspNetUserRoles" AS "a"&#xD;
      INNER JOIN "AspNetRoles" AS "a0" ON "a"."RoleId" = "a0"."Id"&#xD;
      WHERE "a"."UserId" = @userId&#xD;
info: Microsoft.EntityFrameworkCore.Database.Command[20101]&#xD;
      Executed DbCommand (0ms) [Parameters=[@userId='?' (DbType = Guid)], CommandType='Text', CommandTimeout='30']&#xD;
      SELECT "a0"."Name"&#xD;
      FROM "AspNetUserRoles" AS "a"&#xD;
      INNER JOIN "AspNetRoles" AS "a0" ON "a"."RoleId" = "a0"."Id"&#xD;
      WHERE "a"."UserId" = @userId&#xD;
info: Microsoft.EntityFrameworkCore.Database.Command[20101]&#xD;
      Executed DbCommand (0ms) [Parameters=[@p='?' (DbType = Guid)], CommandType='Text', CommandTimeout='30']&#xD;
      SELECT "r"."UserId", "r"."AgentRole", "r"."RealtyAgencyId", "r"."RealtyAgentRkId"&#xD;
      FROM "RealtyAgents" AS "r"&#xD;
      WHERE "r"."UserId" = @p&#xD;
      LIMIT 1&#xD;
info: Microsoft.EntityFrameworkCore.Database.Command[20101]&#xD;
      Executed DbCommand (0ms) [Parameters=[@p='?' (DbType = Guid)], CommandType='Text', CommandTimeout='30']&#xD;
      SELECT "r"."UserId", "r"."AgentRole", "r"."RealtyAgencyId", "r"."RealtyAgentRkId"&#xD;
      FROM "RealtyAgents" AS "r"&#xD;
      WHERE "r"."UserId" = @p&#xD;
      LIMIT 1&#xD;
info: Microsoft.EntityFrameworkCore.Database.Command[20101]&#xD;
      Executed DbCommand (0ms) [Parameters=[@p='?' (DbType = Guid)], CommandType='Text', CommandTimeout='30']&#xD;
      SELECT "r"."UserId", "r"."AgentRole", "r"."RealtyAgencyId", "r"."RealtyAgentRkId"&#xD;
      FROM "RealtyAgents" AS "r"&#xD;
      WHERE "r"."UserId" = @p&#xD;
      LIMIT 1&#xD;
info: Microsoft.EntityFrameworkCore.Database.Command[20101]&#xD;
      Executed DbCommand (0ms) [Parameters=[@p='?' (DbType = Guid)], CommandType='Text', CommandTimeout='30']&#xD;
      SELECT "r"."UserId", "r"."AgentRole", "r"."RealtyAgencyId", "r"."RealtyAgentRkId"&#xD;
      FROM "RealtyAgents" AS "r"&#xD;
      WHERE "r"."UserId" = @p&#xD;
      LIMIT 1&#xD;
info: Microsoft.EntityFrameworkCore.Database.Command[20101]&#xD;
      Executed DbCommand (0ms) [Parameters=[@p0='?' (DbType = Guid), @p1='?' (DbType = DateTimeOffset), @p2='?' (DbType = DateTimeOffset), @p3='?', @p4='?' (DbType = DateTimeOffset), @p5='?' (Size = 44), @p6='?' (DbType = DateTimeOffset), @p7='?' (DbType = Guid)], CommandType='Text', CommandTimeout='30']&#xD;
      INSERT INTO "RefreshTokens" ("Id", "CreatedAt", "ExpiresAt", "ReplacedByHash", "RevokedAt", "TokenHash", "UpdatedAt", "UserId")&#xD;
      VALUES (@p0, @p1, @p2, @p3, @p4, @p5, @p6, @p7);&#xD;
info: Microsoft.EntityFrameworkCore.Database.Command[20101]&#xD;
      Executed DbCommand (0ms) [Parameters=[@p0='?' (DbType = Guid), @p1='?' (DbType = DateTimeOffset), @p2='?' (DbType = DateTimeOffset), @p3='?', @p4='?' (DbType = DateTimeOffset), @p5='?' (Size = 44), @p6='?' (DbType = DateTimeOffset), @p7='?' (DbType = Guid)], CommandType='Text', CommandTimeout='30']&#xD;
      INSERT INTO "RefreshTokens" ("Id", "CreatedAt", "ExpiresAt", "ReplacedByHash", "RevokedAt", "TokenHash", "UpdatedAt", "UserId")&#xD;
      VALUES (@p0, @p1, @p2, @p3, @p4, @p5, @p6, @p7);&#xD;
info: Microsoft.EntityFrameworkCore.Database.Command[20101]&#xD;
      Executed DbCommand (0ms) [Parameters=[@p0='?' (DbType = Guid), @p1='?' (DbType = DateTimeOffset), @p2='?' (DbType = DateTimeOffset), @p3='?', @p4='?' (DbType = DateTimeOffset), @p5='?' (Size = 44), @p6='?' (DbType = DateTimeOffset), @p7='?' (DbType = Guid)], CommandType='Text', CommandTimeout='30']&#xD;
      INSERT INTO "RefreshTokens" ("Id", "CreatedAt", "ExpiresAt", "ReplacedByHash", "RevokedAt", "TokenHash", "UpdatedAt", "UserId")&#xD;
      VALUES (@p0, @p1, @p2, @p3, @p4, @p5, @p6, @p7);&#xD;
info: Microsoft.EntityFrameworkCore.Database.Command[20101]&#xD;
      Executed DbCommand (0ms) [Parameters=[@p0='?' (DbType = Guid), @p1='?' (DbType = DateTimeOffset), @p2='?' (DbType = DateTimeOffset), @p3='?', @p4='?' (DbType = DateTimeOffset), @p5='?' (Size = 44), @p6='?' (DbType = DateTimeOffset), @p7='?' (DbType = Guid)], CommandType='Text', CommandTimeout='30']&#xD;
      INSERT INTO "RefreshTokens" ("Id", "CreatedAt", "ExpiresAt", "ReplacedByHash", "RevokedAt", "TokenHash", "UpdatedAt", "UserId")&#xD;
      VALUES (@p0, @p1, @p2, @p3, @p4, @p5, @p6, @p7);&#xD;
fail: Microsoft.Extensions.Caching.Hybrid.HybridCache[6]&#xD;
      Cache backend read failure.&#xD;
      System.InvalidOperationException: No endpoints specified. Ensure a valid connection string was provided in 'ConnectionStrings:cache' or for the 'Aspire:StackExchange:Redis:ConnectionString' configuration key.&#xD;
         at Microsoft.Extensions.Hosting.AspireRedisExtensions.GetConfigurationOptions(IServiceProvider serviceProvider, String connectionName, String configurationSectionName, String optionsName) in /_/src/Components/Aspire.StackExchange.Redis/AspireRedisExtensions.cs:line 206&#xD;
         at Microsoft.Extensions.Hosting.AspireRedisExtensions.CreateConnection(IServiceProvider serviceProvider, String connectionName, String configurationSectionName, String optionsName) in /_/src/Components/Aspire.StackExchange.Redis/AspireRedisExtensions.cs:line 189&#xD;
         at Microsoft.Extensions.Hosting.AspireRedisExtensions.&lt;&gt;c__DisplayClass5_0.&lt;AddRedisClient&gt;b__2(IServiceProvider sp) in /_/src/Components/Aspire.StackExchange.Redis/AspireRedisExtensions.cs:line 135&#xD;
         at Microsoft.Extensions.DependencyInjection.ServiceLookup.CallSiteRuntimeResolver.VisitRootCache(ServiceCallSite callSite, RuntimeResolverContext context)&#xD;
         at Microsoft.Extensions.DependencyInjection.ServiceLookup.CallSiteVisitor`2.VisitCallSite(ServiceCallSite callSite, TArgument argument)&#xD;
         at Microsoft.Extensions.DependencyInjection.ServiceLookup.CallSiteRuntimeResolver.Resolve(ServiceCallSite callSite, ServiceProviderEngineScope scope)&#xD;
         at Microsoft.Extensions.DependencyInjection.ServiceProvider.CreateServiceAccessor(ServiceIdentifier serviceIdentifier)&#xD;
         at System.Collections.Concurrent.ConcurrentDictionary`2.GetOrAdd(TKey key, Func`2 valueFactory)&#xD;
         at Microsoft.Extensions.DependencyInjection.ServiceProvider.GetService(ServiceIdentifier serviceIdentifier, ServiceProviderEngineScope serviceProviderEngineScope)&#xD;
         at Microsoft.Extensions.DependencyInjection.ServiceLookup.ServiceProviderEngineScope.GetService(Type serviceType)&#xD;
         at Microsoft.Extensions.DependencyInjection.ServiceProviderServiceExtensions.GetRequiredService(IServiceProvider provider, Type serviceType)&#xD;
         at Microsoft.Extensions.DependencyInjection.ServiceProviderServiceExtensions.GetRequiredService[T](IServiceProvider provider)&#xD;
         at Microsoft.Extensions.Hosting.AspireRedisDistributedCacheExtensions.&lt;&gt;c__DisplayClass0_0.&lt;AddRedisDistributedCache&gt;b__1() in /_/src/Components/Aspire.StackExchange.Redis.DistributedCaching/AspireRedisDistributedCacheExtensions.cs:line 44&#xD;
         at Microsoft.Extensions.Caching.StackExchangeRedis.RedisCache.ConnectSlowAsync(CancellationToken token)&#xD;
         at Microsoft.Extensions.Caching.StackExchangeRedis.RedisCache.Microsoft.Extensions.Caching.Distributed.IBufferDistributedCache.TryGetAsync(String key, IBufferWriter`1 destination, CancellationToken token)&#xD;
         at Microsoft.Extensions.Caching.Hybrid.Internal.DefaultHybridCache.&lt;GetFromL2DirectAsync&gt;g__AwaitedBuffersAsync|48_1(ValueTask`1 pending, RecyclableArrayBufferWriter`1 writer)&#xD;
         at Microsoft.Extensions.Caching.Hybrid.Internal.DefaultHybridCache.StampedeState`2.BackgroundFetchAsync()&#xD;
fail: Microsoft.Extensions.Caching.Hybrid.HybridCache[6]&#xD;
      Cache backend read failure.&#xD;
      System.InvalidOperationException: No endpoints specified. Ensure a valid connection string was provided in 'ConnectionStrings:cache' or for the 'Aspire:StackExchange:Redis:ConnectionString' configuration key.&#xD;
         at Microsoft.Extensions.Hosting.AspireRedisExtensions.GetConfigurationOptions(IServiceProvider serviceProvider, String connectionName, String configurationSectionName, String optionsName) in /_/src/Components/Aspire.StackExchange.Redis/AspireRedisExtensions.cs:line 206&#xD;
         at Microsoft.Extensions.Hosting.AspireRedisExtensions.CreateConnection(IServiceProvider serviceProvider, String connectionName, String configurationSectionName, String optionsName) in /_/src/Components/Aspire.StackExchange.Redis/AspireRedisExtensions.cs:line 189&#xD;
         at Microsoft.Extensions.Hosting.AspireRedisExtensions.&lt;&gt;c__DisplayClass5_0.&lt;AddRedisClient&gt;b__2(IServiceProvider sp) in /_/src/Components/Aspire.StackExchange.Redis/AspireRedisExtensions.cs:line 135&#xD;
         at Microsoft.Extensions.DependencyInjection.ServiceLookup.CallSiteRuntimeResolver.VisitRootCache(ServiceCallSite callSite, RuntimeResolverContext context)&#xD;
         at Microsoft.Extensions.DependencyInjection.ServiceLookup.CallSiteVisitor`2.VisitCallSite(ServiceCallSite callSite, TArgument argument)&#xD;
         at Microsoft.Extensions.DependencyInjection.ServiceLookup.CallSiteRuntimeResolver.Resolve(ServiceCallSite callSite, ServiceProviderEngineScope scope)&#xD;
         at Microsoft.Extensions.DependencyInjection.ServiceProvider.CreateServiceAccessor(ServiceIdentifier serviceIdentifier)&#xD;
         at System.Collections.Concurrent.ConcurrentDictionary`2.GetOrAdd(TKey key, Func`2 valueFactory)&#xD;
         at Microsoft.Extensions.DependencyInjection.ServiceProvider.GetService(ServiceIdentifier serviceIdentifier, ServiceProviderEngineScope serviceProviderEngineScope)&#xD;
         at Microsoft.Extensions.DependencyInjection.ServiceLookup.ServiceProviderEngineScope.GetService(Type serviceType)&#xD;
         at Microsoft.Extensions.DependencyInjection.ServiceProviderServiceExtensions.GetRequiredService(IServiceProvider provider, Type serviceType)&#xD;
         at Microsoft.Extensions.DependencyInjection.ServiceProviderServiceExtensions.GetRequiredService[T](IServiceProvider provider)&#xD;
         at Microsoft.Extensions.Hosting.AspireRedisDistributedCacheExtensions.&lt;&gt;c__DisplayClass0_0.&lt;AddRedisDistributedCache&gt;b__1() in /_/src/Components/Aspire.StackExchange.Redis.DistributedCaching/AspireRedisDistributedCacheExtensions.cs:line 44&#xD;
         at Microsoft.Extensions.Caching.StackExchangeRedis.RedisCache.ConnectSlowAsync(CancellationToken token)&#xD;
         at Microsoft.Extensions.Caching.StackExchangeRedis.RedisCache.Microsoft.Extensions.Caching.Distributed.IBufferDistributedCache.TryGetAsync(String key, IBufferWriter`1 destination, CancellationToken token)&#xD;
         at Microsoft.Extensions.Caching.Hybrid.Internal.DefaultHybridCache.&lt;GetFromL2DirectAsync&gt;g__AwaitedBuffersAsync|48_1(ValueTask`1 pending, RecyclableArrayBufferWriter`1 writer)&#xD;
         at Microsoft.Extensions.Caching.Hybrid.Internal.DefaultHybridCache.StampedeState`2.BackgroundFetchAsync()&#xD;
fail: Microsoft.Extensions.Caching.Hybrid.HybridCache[6]&#xD;
      Cache backend read failure.&#xD;
      System.InvalidOperationException: No endpoints specified. Ensure a valid connection string was provided in 'ConnectionStrings:cache' or for the 'Aspire:StackExchange:Redis:ConnectionString' configuration key.&#xD;
         at Microsoft.Extensions.Hosting.AspireRedisExtensions.GetConfigurationOptions(IServiceProvider serviceProvider, String connectionName, String configurationSectionName, String optionsName) in /_/src/Components/Aspire.StackExchange.Redis/AspireRedisExtensions.cs:line 206&#xD;
         at Microsoft.Extensions.Hosting.AspireRedisExtensions.CreateConnection(IServiceProvider serviceProvider, String connectionName, String configurationSectionName, String optionsName) in /_/src/Components/Aspire.StackExchange.Redis/AspireRedisExtensions.cs:line 189&#xD;
         at Microsoft.Extensions.Hosting.AspireRedisExtensions.&lt;&gt;c__DisplayClass5_0.&lt;AddRedisClient&gt;b__2(IServiceProvider sp) in /_/src/Components/Aspire.StackExchange.Redis/AspireRedisExtensions.cs:line 135&#xD;
         at Microsoft.Extensions.DependencyInjection.ServiceLookup.CallSiteRuntimeResolver.VisitRootCache(ServiceCallSite callSite, RuntimeResolverContext context)&#xD;
         at Microsoft.Extensions.DependencyInjection.ServiceLookup.CallSiteVisitor`2.VisitCallSite(ServiceCallSite callSite, TArgument argument)&#xD;
         at Microsoft.Extensions.DependencyInjection.ServiceLookup.CallSiteRuntimeResolver.Resolve(ServiceCallSite callSite, ServiceProviderEngineScope scope)&#xD;
         at Microsoft.Extensions.DependencyInjection.ServiceProvider.CreateServiceAccessor(ServiceIdentifier serviceIdentifier)&#xD;
         at System.Collections.Concurrent.ConcurrentDictionary`2.GetOrAdd(TKey key, Func`2 valueFactory)&#xD;
         at Microsoft.Extensions.DependencyInjection.ServiceProvider.GetService(ServiceIdentifier serviceIdentifier, ServiceProviderEngineScope serviceProviderEngineScope)&#xD;
         at Microsoft.Extensions.DependencyInjection.ServiceLookup.ServiceProviderEngineScope.GetService(Type serviceType)&#xD;
         at Microsoft.Extensions.DependencyInjection.ServiceProviderServiceExtensions.GetRequiredService(IServiceProvider provider, Type serviceType)&#xD;
         at Microsoft.Extensions.DependencyInjection.ServiceProviderServiceExtensions.GetRequiredService[T](IServiceProvider provider)&#xD;
         at Microsoft.Extensions.Hosting.AspireRedisDistributedCacheExtensions.&lt;&gt;c__DisplayClass0_0.&lt;AddRedisDistributedCache&gt;b__1() in /_/src/Components/Aspire.StackExchange.Redis.DistributedCaching/AspireRedisDistributedCacheExtensions.cs:line 44&#xD;
         at Microsoft.Extensions.Caching.StackExchangeRedis.RedisCache.ConnectSlowAsync(CancellationToken token)&#xD;
         at Microsoft.Extensions.Caching.StackExchangeRedis.RedisCache.Microsoft.Extensions.Caching.Distributed.IBufferDistributedCache.TryGetAsync(String key, IBufferWriter`1 destination, CancellationToken token)&#xD;
         at Microsoft.Extensions.Caching.Hybrid.Internal.DefaultHybridCache.&lt;GetFromL2DirectAsync&gt;g__AwaitedBuffersAsync|48_1(ValueTask`1 pending, RecyclableArrayBufferWriter`1 writer)&#xD;
         at Microsoft.Extensions.Caching.Hybrid.Internal.DefaultHybridCache.StampedeState`2.BackgroundFetchAsync()&#xD;
fail: Microsoft.Extensions.Caching.Hybrid.HybridCache[6]&#xD;
      Cache backend read failure.&#xD;
      System.InvalidOperationException: No endpoints specified. Ensure a valid connection string was provided in 'ConnectionStrings:cache' or for the 'Aspire:StackExchange:Redis:ConnectionString' configuration key.&#xD;
         at Microsoft.Extensions.Hosting.AspireRedisExtensions.GetConfigurationOptions(IServiceProvider serviceProvider, String connectionName, String configurationSectionName, String optionsName) in /_/src/Components/Aspire.StackExchange.Redis/AspireRedisExtensions.cs:line 206&#xD;
         at Microsoft.Extensions.Hosting.AspireRedisExtensions.CreateConnection(IServiceProvider serviceProvider, String connectionName, String configurationSectionName, String optionsName) in /_/src/Components/Aspire.StackExchange.Redis/AspireRedisExtensions.cs:line 189&#xD;
         at Microsoft.Extensions.Hosting.AspireRedisExtensions.&lt;&gt;c__DisplayClass5_0.&lt;AddRedisClient&gt;b__2(IServiceProvider sp) in /_/src/Components/Aspire.StackExchange.Redis/AspireRedisExtensions.cs:line 135&#xD;
         at Microsoft.Extensions.DependencyInjection.ServiceLookup.CallSiteRuntimeResolver.VisitRootCache(ServiceCallSite callSite, RuntimeResolverContext context)&#xD;
         at Microsoft.Extensions.DependencyInjection.ServiceLookup.CallSiteVisitor`2.VisitCallSite(ServiceCallSite callSite, TArgument argument)&#xD;
         at Microsoft.Extensions.DependencyInjection.ServiceLookup.CallSiteRuntimeResolver.Resolve(ServiceCallSite callSite, ServiceProviderEngineScope scope)&#xD;
         at Microsoft.Extensions.DependencyInjection.ServiceProvider.CreateServiceAccessor(ServiceIdentifier serviceIdentifier)&#xD;
         at System.Collections.Concurrent.ConcurrentDictionary`2.GetOrAdd(TKey key, Func`2 valueFactory)&#xD;
         at Microsoft.Extensions.DependencyInjection.ServiceProvider.GetService(ServiceIdentifier serviceIdentifier, ServiceProviderEngineScope serviceProviderEngineScope)&#xD;
         at Microsoft.Extensions.DependencyInjection.ServiceLookup.ServiceProviderEngineScope.GetService(Type serviceType)&#xD;
         at Microsoft.Extensions.DependencyInjection.ServiceProviderServiceExtensions.GetRequiredService(IServiceProvider provider, Type serviceType)&#xD;
         at Microsoft.Extensions.DependencyInjection.ServiceProviderServiceExtensions.GetRequiredService[T](IServiceProvider provider)&#xD;
         at Microsoft.Extensions.Hosting.AspireRedisDistributedCacheExtensions.&lt;&gt;c__DisplayClass0_0.&lt;AddRedisDistributedCache&gt;b__1() in /_/src/Components/Aspire.StackExchange.Redis.DistributedCaching/AspireRedisDistributedCacheExtensions.cs:line 44&#xD;
         at Microsoft.Extensions.Caching.StackExchangeRedis.RedisCache.ConnectSlowAsync(CancellationToken token)&#xD;
         at Microsoft.Extensions.Caching.StackExchangeRedis.RedisCache.Microsoft.Extensions.Caching.Distributed.IBufferDistributedCache.TryGetAsync(String key, IBufferWriter`1 destination, CancellationToken token)&#xD;
         at Microsoft.Extensions.Caching.Hybrid.Internal.DefaultHybridCache.&lt;GetFromL2DirectAsync&gt;g__AwaitedBuffersAsync|48_1(ValueTask`1 pending, RecyclableArrayBufferWriter`1 writer)&#xD;
         at Microsoft.Extensions.Caching.Hybrid.Internal.DefaultHybridCache.StampedeState`2.BackgroundFetchAsync()&#xD;
info: Microsoft.EntityFrameworkCore.Database.Command[20101]&#xD;
      Executed DbCommand (0ms) [Parameters=[@userId='?' (DbType = Guid)], CommandType='Text', CommandTimeout='30']&#xD;
      SELECT "a0"."Name"&#xD;
      FROM "AspNetUserRoles" AS "a"&#xD;
      INNER JOIN "AspNetRoles" AS "a0" ON "a"."RoleId" = "a0"."Id"&#xD;
      WHERE "a"."UserId" = @userId&#xD;
info: Microsoft.EntityFrameworkCore.Database.Command[20101]&#xD;
      Executed DbCommand (0ms) [Parameters=[@userId='?' (DbType = Guid)], CommandType='Text', CommandTimeout='30']&#xD;
      SELECT "a0"."Name"&#xD;
      FROM "AspNetUserRoles" AS "a"&#xD;
      INNER JOIN "AspNetRoles" AS "a0" ON "a"."RoleId" = "a0"."Id"&#xD;
      WHERE "a"."UserId" = @userId&#xD;
info: Microsoft.EntityFrameworkCore.Database.Command[20101]&#xD;
      Executed DbCommand (0ms) [Parameters=[@userId='?' (DbType = Guid)], CommandType='Text', CommandTimeout='30']&#xD;
      SELECT "a0"."Name"&#xD;
      FROM "AspNetUserRoles" AS "a"&#xD;
      INNER JOIN "AspNetRoles" AS "a0" ON "a"."RoleId" = "a0"."Id"&#xD;
      WHERE "a"."UserId" = @userId&#xD;
info: Microsoft.EntityFrameworkCore.Database.Command[20101]&#xD;
      Executed DbCommand (0ms) [Parameters=[@userId='?' (DbType = Guid)], CommandType='Text', CommandTimeout='30']&#xD;
      SELECT "a0"."Name"&#xD;
      FROM "AspNetUserRoles" AS "a"&#xD;
      INNER JOIN "AspNetRoles" AS "a0" ON "a"."RoleId" = "a0"."Id"&#xD;
      WHERE "a"."UserId" = @userId&#xD;
fail: Microsoft.Extensions.Caching.Hybrid.HybridCache[7]&#xD;
      Cache backend write failure.&#xD;
      System.InvalidOperationException: No endpoints specified. Ensure a valid connection string was provided in 'ConnectionStrings:cache' or for the 'Aspire:StackExchange:Redis:ConnectionString' configuration key.&#xD;
         at Microsoft.Extensions.Hosting.AspireRedisExtensions.GetConfigurationOptions(IServiceProvider serviceProvider, String connectionName, String configurationSectionName, String optionsName) in /_/src/Components/Aspire.StackExchange.Redis/AspireRedisExtensions.cs:line 206&#xD;
         at Microsoft.Extensions.Hosting.AspireRedisExtensions.CreateConnection(IServiceProvider serviceProvider, String connectionName, String configurationSectionName, String optionsName) in /_/src/Components/Aspire.StackExchange.Redis/AspireRedisExtensions.cs:line 189&#xD;
         at Microsoft.Extensions.Hosting.AspireRedisExtensions.&lt;&gt;c__DisplayClass5_0.&lt;AddRedisClient&gt;b__2(IServiceProvider sp) in /_/src/Components/Aspire.StackExchange.Redis/AspireRedisExtensions.cs:line 135&#xD;
         at Microsoft.Extensions.DependencyInjection.ServiceLookup.CallSiteRuntimeResolver.VisitRootCache(ServiceCallSite callSite, RuntimeResolverContext context)&#xD;
[...]
      FROM "AspNetUsers" AS "a"&#xD;
      WHERE "a"."NormalizedEmail" = @normalizedEmail&#xD;
      LIMIT 2&#xD;
info: Microsoft.EntityFrameworkCore.Database.Command[20101]&#xD;
      Executed DbCommand (0ms) [Parameters=[@p0='?' (DbType = Guid), @p1='?' (DbType = Int32), @p2='?' (Size = 36), @p3='?' (DbType = DateTimeOffset), @p4='?' (Size = 24), @p5='?' (DbType = Boolean), @p6='?' (DbType = Boolean), @p7='?' (DbType = DateTimeOffset), @p8='?' (Size = 24), @p9='?' (Size = 12), @p10='?' (Size = 84), @p11='?', @p12='?' (DbType = Boolean), @p13='?' (Size = 32), @p14='?' (DbType = Boolean), @p15='?' (DbType = DateTimeOffset), @p16='?' (Size = 12)], CommandType='Text', CommandTimeout='30']&#xD;
      INSERT INTO "AspNetUsers" ("Id", "AccessFailedCount", "ConcurrencyStamp", "CreatedAt", "Email", "EmailConfirmed", "LockoutEnabled", "LockoutEnd", "NormalizedEmail", "NormalizedUserName", "PasswordHash", "PhoneNumber", "PhoneNumberConfirmed", "SecurityStamp", "TwoFactorEnabled", "UpdatedAt", "UserName")&#xD;
      VALUES (@p0, @p1, @p2, @p3, @p4, @p5, @p6, @p7, @p8, @p9, @p10, @p11, @p12, @p13, @p14, @p15, @p16);&#xD;
info: Microsoft.EntityFrameworkCore.Database.Command[20101]&#xD;
      Executed DbCommand (0ms) [Parameters=[@userId='?' (DbType = Guid)], CommandType='Text', CommandTimeout='30']&#xD;
      SELECT "a0"."Name"&#xD;
      FROM "AspNetUserRoles" AS "a"&#xD;
      INNER JOIN "AspNetRoles" AS "a0" ON "a"."RoleId" = "a0"."Id"&#xD;
      WHERE "a"."UserId" = @userId&#xD;
info: Microsoft.EntityFrameworkCore.Database.Command[20101]&#xD;
      Executed DbCommand (0ms) [Parameters=[@p='?' (DbType = Guid)], CommandType='Text', CommandTimeout='30']&#xD;
      SELECT "r"."UserId", "r"."AgentRole", "r"."RealtyAgencyId", "r"."RealtyAgentRkId"&#xD;
      FROM "RealtyAgents" AS "r"&#xD;
      WHERE "r"."UserId" = @p&#xD;
      LIMIT 1&#xD;
info: Microsoft.EntityFrameworkCore.Database.Command[20101]&#xD;
      Executed DbCommand (0ms) [Parameters=[@p0='?' (DbType = Guid), @p1='?' (DbType = DateTimeOffset), @p2='?' (DbType = DateTimeOffset), @p3='?', @p4='?' (DbType = DateTimeOffset), @p5='?' (Size = 44), @p6='?' (DbType = DateTimeOffset), @p7='?' (DbType = Guid)], CommandType='Text', CommandTimeout='30']&#xD;
      INSERT INTO "RefreshTokens" ("Id", "CreatedAt", "ExpiresAt", "ReplacedByHash", "RevokedAt", "TokenHash", "UpdatedAt", "UserId")&#xD;
      VALUES (@p0, @p1, @p2, @p3, @p4, @p5, @p6, @p7);&#xD;
fail: Microsoft.Extensions.Caching.Hybrid.HybridCache[6]&#xD;
      Cache backend read failure.&#xD;
      System.InvalidOperationException: No endpoints specified. Ensure a valid connection string was provided in 'ConnectionStrings:cache' or for the 'Aspire:StackExchange:Redis:ConnectionString' configuration key.&#xD;
         at Microsoft.Extensions.Hosting.AspireRedisExtensions.GetConfigurationOptions(IServiceProvider serviceProvider, String connectionName, String configurationSectionName, String optionsName) in /_/src/Components/Aspire.StackExchange.Redis/AspireRedisExtensions.cs:line 206&#xD;
         at Microsoft.Extensions.Hosting.AspireRedisExtensions.CreateConnection(IServiceProvider serviceProvider, String connectionName, String configurationSectionName, String optionsName) in /_/src/Components/Aspire.StackExchange.Redis/AspireRedisExtensions.cs:line 189&#xD;
         at Microsoft.Extensions.Hosting.AspireRedisExtensions.&lt;&gt;c__DisplayClass5_0.&lt;AddRedisClient&gt;b__2(IServiceProvider sp) in /_/src/Components/Aspire.StackExchange.Redis/AspireRedisExtensions.cs:line 135&#xD;
         at Microsoft.Extensions.DependencyInjection.ServiceLookup.CallSiteRuntimeResolver.VisitRootCache(ServiceCallSite callSite, RuntimeResolverContext context)&#xD;
         at Microsoft.Extensions.DependencyInjection.ServiceLookup.CallSiteVisitor`2.VisitCallSite(ServiceCallSite callSite, TArgument argument)&#xD;
         at Microsoft.Extensions.DependencyInjection.ServiceLookup.CallSiteRuntimeResolver.Resolve(ServiceCallSite callSite, ServiceProviderEngineScope scope)&#xD;
         at Microsoft.Extensions.DependencyInjection.ServiceProvider.CreateServiceAccessor(ServiceIdentifier serviceIdentifier)&#xD;
         at System.Collections.Concurrent.ConcurrentDictionary`2.GetOrAdd(TKey key, Func`2 valueFactory)&#xD;
         at Microsoft.Extensions.DependencyInjection.ServiceProvider.GetService(ServiceIdentifier serviceIdentifier, ServiceProviderEngineScope serviceProviderEngineScope)&#xD;
         at Microsoft.Extensions.DependencyInjection.ServiceLookup.ServiceProviderEngineScope.GetService(Type serviceType)&#xD;
         at Microsoft.Extensions.DependencyInjection.ServiceProviderServiceExtensions.GetRequiredService(IServiceProvider provider, Type serviceType)&#xD;
         at Microsoft.Extensions.DependencyInjection.ServiceProviderServiceExtensions.GetRequiredService[T](IServiceProvider provider)&#xD;
         at Microsoft.Extensions.Hosting.AspireRedisDistributedCacheExtensions.&lt;&gt;c__DisplayClass0_0.&lt;AddRedisDistributedCache&gt;b__1() in /_/src/Components/Aspire.StackExchange.Redis.DistributedCaching/AspireRedisDistributedCacheExtensions.cs:line 44&#xD;
         at Microsoft.Extensions.Caching.StackExchangeRedis.RedisCache.ConnectSlowAsync(CancellationToken token)&#xD;
         at Microsoft.Extensions.Caching.StackExchangeRedis.RedisCache.Microsoft.Extensions.Caching.Distributed.IBufferDistributedCache.TryGetAsync(String key, IBufferWriter`1 destination, CancellationToken token)&#xD;
         at Microsoft.Extensions.Caching.Hybrid.Internal.DefaultHybridCache.&lt;GetFromL2DirectAsync&gt;g__AwaitedBuffersAsync|48_1(ValueTask`1 pending, RecyclableArrayBufferWriter`1 writer)&#xD;
         at Microsoft.Extensions.Caching.Hybrid.Internal.DefaultHybridCache.StampedeState`2.BackgroundFetchAsync()&#xD;
info: Microsoft.EntityFrameworkCore.Database.Command[20101]&#xD;
      Executed DbCommand (0ms) [Parameters=[@p='?' (DbType = DateTimeOffset), @hash='?' (Size = 44)], CommandType='Text', CommandTimeout='30']&#xD;
      UPDATE "RefreshTokens" AS "r"&#xD;
      SET "RevokedAt" = @p&#xD;
      WHERE "r"."TokenHash" = @hash AND "r"."RevokedAt" IS NULL&#xD;
info: Microsoft.EntityFrameworkCore.Database.Command[20101]&#xD;
      Executed DbCommand (0ms) [Parameters=[@userId='?' (DbType = Guid)], CommandType='Text', CommandTimeout='30']&#xD;
      SELECT "a0"."Name"&#xD;
      FROM "AspNetUserRoles" AS "a"&#xD;
      INNER JOIN "AspNetRoles" AS "a0" ON "a"."RoleId" = "a0"."Id"&#xD;
      WHERE "a"."UserId" = @userId&#xD;
info: Microsoft.EntityFrameworkCore.Database.Command[20101]&#xD;
      Executed DbCommand (0ms) [Parameters=[@hash='?' (Size = 44)], CommandType='Text', CommandTimeout='30']&#xD;
      SELECT "r"."Id", "r"."CreatedAt", "r"."ExpiresAt", "r"."ReplacedByHash", "r"."RevokedAt", "r"."TokenHash", "r"."UpdatedAt", "r"."UserId"&#xD;
      FROM "RefreshTokens" AS "r"&#xD;
      WHERE "r"."TokenHash" = @hash&#xD;
      LIMIT 1&#xD;
fail: Microsoft.Extensions.Caching.Hybrid.HybridCache[7]&#xD;
      Cache backend write failure.&#xD;
      System.InvalidOperationException: No endpoints specified. Ensure a valid connection string was provided in 'ConnectionStrings:cache' or for the 'Aspire:StackExchange:Redis:ConnectionString' configuration key.&#xD;
         at Microsoft.Extensions.Hosting.AspireRedisExtensions.GetConfigurationOptions(IServiceProvider serviceProvider, String connectionName, String configurationSectionName, String optionsName) in /_/src/Components/Aspire.StackExchange.Redis/AspireRedisExtensions.cs:line 206&#xD;
         at Microsoft.Extensions.Hosting.AspireRedisExtensions.CreateConnection(IServiceProvider serviceProvider, String connectionName, String configurationSectionName, String optionsName) in /_/src/Components/Aspire.StackExchange.Redis/AspireRedisExtensions.cs:line 189&#xD;
         at Microsoft.Extensions.Hosting.AspireRedisExtensions.&lt;&gt;c__DisplayClass5_0.&lt;AddRedisClient&gt;b__2(IServiceProvider sp) in /_/src/Components/Aspire.StackExchange.Redis/AspireRedisExtensions.cs:line 135&#xD;
         at Microsoft.Extensions.DependencyInjection.ServiceLookup.CallSiteRuntimeResolver.VisitRootCache(ServiceCallSite callSite, RuntimeResolverContext context)&#xD;
         at Microsoft.Extensions.DependencyInjection.ServiceLookup.CallSiteVisitor`2.VisitCallSite(ServiceCallSite callSite, TArgument argument)&#xD;
         at Microsoft.Extensions.DependencyInjection.ServiceLookup.CallSiteRuntimeResolver.Resolve(ServiceCallSite callSite, ServiceProviderEngineScope scope)&#xD;
         at Microsoft.Extensions.DependencyInjection.ServiceProvider.CreateServiceAccessor(ServiceIdentifier serviceIdentifier)&#xD;
         at System.Collections.Concurrent.ConcurrentDictionary`2.GetOrAdd(TKey key, Func`2 valueFactory)&#xD;
         at Microsoft.Extensions.DependencyInjection.ServiceProvider.GetService(ServiceIdentifier serviceIdentifier, ServiceProviderEngineScope serviceProviderEngineScope)&#xD;
         at Microsoft.Extensions.DependencyInjection.ServiceLookup.ServiceProviderEngineScope.GetService(Type serviceType)&#xD;
         at Microsoft.Extensions.DependencyInjection.ServiceProviderServiceExtensions.GetRequiredService(IServiceProvider provider, Type serviceType)&#xD;
         at Microsoft.Extensions.DependencyInjection.ServiceProviderServiceExtensions.GetRequiredService[T](IServiceProvider provider)&#xD;
         at Microsoft.Extensions.Hosting.AspireRedisDistributedCacheExtensions.&lt;&gt;c__DisplayClass0_0.&lt;AddRedisDistributedCache&gt;b__1() in /_/src/Components/Aspire.StackExchange.Redis.DistributedCaching/AspireRedisDistributedCacheExtensions.cs:line 44&#xD;
         at Microsoft.Extensions.Caching.StackExchangeRedis.RedisCache.ConnectSlowAsync(CancellationToken token)&#xD;
         at Microsoft.Extensions.Caching.StackExchangeRedis.RedisCache.SetImplAsync(String key, ReadOnlySequence`1 value, DistributedCacheEntryOptions options, CancellationToken token)&#xD;
         at Microsoft.Extensions.Caching.Hybrid.Internal.DefaultHybridCache.WritePayloadAsync(String key, CacheItem cacheItem, BufferChunk payload, HybridCacheEntryOptions options, CancellationToken token)&#xD;
         at Microsoft.Extensions.Caching.Hybrid.Internal.DefaultHybridCache.StampedeState`2.BackgroundFetchAsync()&#xD;
info: Microsoft.EntityFrameworkCore.Database.Command[20101]&#xD;
      Executed DbCommand (0ms) [Parameters=[@p='?' (DbType = Guid)], CommandType='Text', CommandTimeout='30']&#xD;
      SELECT "a"."Id", "a"."AccessFailedCount", "a"."ConcurrencyStamp", "a"."CreatedAt", "a"."Email", "a"."EmailConfirmed", "a"."LockoutEnabled", "a"."LockoutEnd", "a"."NormalizedEmail", "a"."NormalizedUserName", "a"."PasswordHash", "a"."PhoneNumber", "a"."PhoneNumberConfirmed", "a"."SecurityStamp", "a"."TwoFactorEnabled", "a"."UpdatedAt", "a"."UserName"&#xD;
      FROM "AspNetUsers" AS "a"&#xD;
      WHERE "a"."Id" = @p&#xD;
      LIMIT 1&#xD;
info: Microsoft.EntityFrameworkCore.Database.Command[20101]&#xD;
      Executed DbCommand (0ms) [Parameters=[@p='?' (DbType = Guid)], CommandType='Text', CommandTimeout='30']&#xD;
      SELECT "r"."UserId", "r"."AgentRole", "r"."RealtyAgencyId", "r"."RealtyAgentRkId"&#xD;
      FROM "RealtyAgents" AS "r"&#xD;
      WHERE "r"."UserId" = @p&#xD;
      LIMIT 1&#xD;
info: Microsoft.EntityFrameworkCore.Database.Command[20101]&#xD;
      Executed DbCommand (0ms) [Parameters=[@p0='?' (DbType = Guid), @p1='?' (DbType = Int32), @p2='?' (DbType = Guid), @p3='?'], CommandType='Text', CommandTimeout='30']&#xD;
      INSERT INTO "RealtyAgents" ("UserId", "AgentRole", "RealtyAgencyId", "RealtyAgentRkId")&#xD;
      VALUES (@p0, @p1, @p2, @p3);&#xD;
info: Microsoft.EntityFrameworkCore.Database.Command[20101]&#xD;
      Executed DbCommand (0ms) [Parameters=[@p='?' (DbType = DateTimeOffset), @userId='?' (DbType = Guid)], CommandType='Text', CommandTimeout='30']&#xD;
      UPDATE "RefreshTokens" AS "r"&#xD;
      SET "RevokedAt" = @p&#xD;
      WHERE "r"."UserId" = @userId AND "r"."RevokedAt" IS NULL&#xD;
info: Microsoft.Hosting.Lifetime[0]&#xD;
      Application is shutting down...&#xD;
[xUnit.net 00:00:02.80]       System.InvalidOperationException : No endpoints specified. Ensure a valid connection string was provided in 'ConnectionStrings:cache' or for the 'Aspire:StackExchange:Redis:ConnectionString' configuration key.&#xD;
[xUnit.net 00:00:02.80]       Stack Trace:&#xD;
[xUnit.net 00:00:02.80]         /_/src/Components/Aspire.StackExchange.Redis/AspireRedisExtensions.cs(206,0): at Microsoft.Extensions.Hosting.AspireRedisExtensions.GetConfigurationOptions(IServiceProvider serviceProvider, String connectionName, String configurationSectionName, String optionsName)&#xD;
[xUnit.net 00:00:02.80]         /_/src/Components/Aspire.StackExchange.Redis/AspireRedisExtensions.cs(189,0): at Microsoft.Extensions.Hosting.AspireRedisExtensions.CreateConnection(IServiceProvider serviceProvider, String connectionName, String configurationSectionName, String optionsName)&#xD;
[xUnit.net 00:00:02.80]         /_/src/Components/Aspire.StackExchange.Redis/AspireRedisExtensions.cs(135,0): at Microsoft.Extensions.Hosting.AspireRedisExtensions.&lt;&gt;c__DisplayClass5_0.&lt;AddRedisClient&gt;b__2(IServiceProvider sp)&#xD;
[xUnit.net 00:00:02.80]            at Microsoft.Extensions.DependencyInjection.ServiceLookup.CallSiteRuntimeResolver.VisitRootCache(ServiceCallSite callSite, RuntimeResolverContext context)&#xD;
[xUnit.net 00:00:02.80]            at Microsoft.Extensions.DependencyInjection.ServiceLookup.CallSiteVisitor`2.VisitCallSite(ServiceCallSite callSite, TArgument argument)&#xD;
[xUnit.net 00:00:02.80]            at Microsoft.Extensions.DependencyInjection.ServiceLookup.CallSiteRuntimeResolver.Resolve(ServiceCallSite callSite, ServiceProviderEngineScope scope)&#xD;
[xUnit.net 00:00:02.80]            at Microsoft.Extensions.DependencyInjection.ServiceProvider.CreateServiceAccessor(ServiceIdentifier serviceIdentifier)&#xD;
[xUnit.net 00:00:02.80]            at System.Collections.Concurrent.ConcurrentDictionary`2.GetOrAdd(TKey key, Func`2 valueFactory)&#xD;
[xUnit.net 00:00:02.80]            at Microsoft.Extensions.DependencyInjection.ServiceProvider.GetService(ServiceIdentifier serviceIdentifier, ServiceProviderEngineScope serviceProviderEngineScope)&#xD;
[xUnit.net 00:00:02.80]            at Microsoft.Extensions.DependencyInjection.ServiceLookup.ServiceProviderEngineScope.GetService(Type serviceType)&#xD;
[xUnit.net 00:00:02.80]            at Microsoft.Extensions.DependencyInjection.ServiceProviderServiceExtensions.GetRequiredService(IServiceProvider provider, Type serviceType)&#xD;
[xUnit.net 00:00:02.80]            at Microsoft.Extensions.DependencyInjection.ServiceProviderServiceExtensions.GetRequiredService[T](IServiceProvider provider)&#xD;
[xUnit.net 00:00:02.80]         /_/src/Components/Aspire.StackExchange.Redis.DistributedCaching/AspireRedisDistributedCacheExtensions.cs(44,0): at Microsoft.Extensions.Hosting.AspireRedisDistributedCacheExtensions.&lt;&gt;c__DisplayClass0_0.&lt;AddRedisDistributedCache&gt;b__1()&#xD;
[xUnit.net 00:00:02.80]            at Microsoft.Extensions.Caching.StackExchangeRedis.RedisCache.ConnectSlowAsync(CancellationToken token)&#xD;
[xUnit.net 00:00:02.80]            at Microsoft.Extensions.Caching.StackExchangeRedis.RedisCache.SetImplAsync(String key, ReadOnlySequence`1 value, DistributedCacheEntryOptions options, CancellationToken token)&#xD;
[xUnit.net 00:00:02.80]            at Microsoft.Extensions.Caching.Hybrid.Internal.DefaultHybridCache.&lt;InvalidateL2TagAsync&gt;g__AwaitedAsync|51_0(ValueTask pending, Byte[] oversized)&#xD;
[xUnit.net 00:00:02.80]         C:\Users\dsmol\RiderProjects\realty-portal\Server\Features\RealtyAgent\RealtyAgentService.cs(118,0): at Server.Features.RealtyAgent.RealtyAgentService.InvalidateAsync(Guid userId, CancellationToken cancellationToken)&#xD;
[xUnit.net 00:00:02.80]         C:\Users\dsmol\RiderProjects\realty-portal\Server\Features\RealtyAgent\RealtyAgentService.cs(104,0): at Server.Features.RealtyAgent.RealtyAgentService.CreateAgentAsync(RealtyAgentEntity agent, CancellationToken cancellationToken)&#xD;
[xUnit.net 00:00:02.80]         C:\Users\dsmol\RiderProjects\realty-portal\Server\Features\RealtyAgent\BecomeAgent\BecomeAgent.cs(40,0): at Server.Features.RealtyAgent.BecomeAgent.BecomeAgent.BecomeAgentAsync(ClaimsPrincipal principal, UserService userService, RealtyAgentService realtyAgentService, CancellationToken cancellationToken)&#xD;
[xUnit.net 00:00:02.80]            at Microsoft.AspNetCore.Http.RequestDelegateFactory.&lt;TaskOfTToValueTaskOfObject&gt;g__ExecuteAwaited|92_0[T](Task`1 task)&#xD;
[xUnit.net 00:00:02.80]         C:\Users\dsmol\RiderProjects\realty-portal\Server\Infrastructure\Filters\ValidationFilter.cs(21,0): at Server.Infrastructure.Filters.ValidationFilter.InvokeAsync(EndpointFilterInvocationContext context, EndpointFilterDelegate next)&#xD;
[xUnit.net 00:00:02.80]            at Microsoft.AspNetCore.Http.RequestDelegateFactory.&lt;ExecuteValueTaskOfObject&gt;g__ExecuteAwaited|130_0(ValueTask`1 valueTask, HttpContext httpContext, JsonTypeInfo`1 jsonTypeInfo)&#xD;
[xUnit.net 00:00:02.80]            at Microsoft.AspNetCore.Authorization.AuthorizationMiddleware.Invoke(HttpContext context)&#xD;
[xUnit.net 00:00:02.80]            at Microsoft.AspNetCore.Authentication.AuthenticationMiddleware.Invoke(HttpContext context)&#xD;
[xUnit.net 00:00:02.80]            at Microsoft.AspNetCore.TestHost.HttpContextBuilder.&lt;&gt;c__DisplayClass23_0.&lt;&lt;SendAsync&gt;g__RunRequestAsync|0&gt;d.MoveNext()&#xD;
[xUnit.net 00:00:02.80]         --- End of stack trace from previous location ---&#xD;
[xUnit.net 00:00:02.80]            at Microsoft.AspNetCore.TestHost.ClientHandler.SendAsync(HttpRequestMessage request, CancellationToken cancellationToken)&#xD;
[xUnit.net 00:00:02.80]            at Microsoft.AspNetCore.Mvc.Testing.Handlers.CookieContainerHandler.SendAsync(HttpRequestMessage request, CancellationToken cancellationToken)&#xD;
[xUnit.net 00:00:02.80]            at Microsoft.AspNetCore.Mvc.Testing.Handlers.RedirectHandler.SendAsync(HttpRequestMessage request, CancellationToken cancellationToken)&#xD;
info: Microsoft.Hosting.Lifetime[0]&#xD;
      Application is shutting down...&#xD;
[xUnit.net 00:00:02.80]            at System.Net.Http.HttpClient.&lt;SendAsync&gt;g__Core|83_0(HttpRequestMessage request, HttpCompletionOption completionOption, CancellationTokenSource cts, Boolean disposeCts, CancellationTokenSource pendingRequestsCts, CancellationToken originalCancellationToken)&#xD;
[xUnit.net 00:00:02.80]         C:\Users\dsmol\RiderProjects\realty-portal\Tests\Server.Tests\Features\RealtyAgent\BecomeAgent\BecomeAgentTests.cs(28,0): at Server.Tests.Features.RealtyAgent.BecomeAgent.BecomeAgentTests.BecomeAgent_CreatesAnAgentWithoutAnAgency()&#xD;
[xUnit.net 00:00:02.80]         --- End of stack trace from previous location ---&#xD;
[xUnit.net 00:00:02.80]   Finished:    Server.Tests&#xD;
</StdOut>
    </Output>
    <RunInfos>
      <RunInfo computerName="DESKTOP-U5S7BPI" outcome="Error" timestamp="2026-08-22T21:33:33.5801792+02:00">
        <Text>[xUnit.net 00:00:02.65]     Server.Tests.Features.RealtyAgent.BecomeAgent.BecomeAgentTests.BecomeAgent_PutsTheAgentRoleIntoTheNextToken [FAIL]</Text>
      </RunInfo>
      <RunInfo computerName="DESKTOP-U5S7BPI" outcome="Error" timestamp="2026-08-22T21:33:33.6757427+02:00">
        <Text>[xUnit.net 00:00:02.72]     Server.Tests.Features.RealtyAgent.BecomeAgent.BecomeAgentTests.BecomeAgent_Twice_IsRefusedAsAConflict [FAIL]</Text>
      </RunInfo>
      <RunInfo computerName="DESKTOP-U5S7BPI" outcome="Error" timestamp="2026-08-22T21:33:33.7209666+02:00">
        <Text>[xUnit.net 00:00:02.80]     Server.Tests.Features.RealtyAgent.BecomeAgent.BecomeAgentTests.BecomeAgent_CreatesAnAgentWithoutAnAgency [FAIL]</Text>
      </RunInfo>
    </RunInfos>
  </ResultSummary>
</TestRun>